#
# There is insufficient memory for the Java Runtime Environment to continue.
# Native memory allocation (malloc) failed to allocate 32744 bytes for ChunkPool::allocate
# Possible reasons:
#   The system is out of physical RAM or swap space
#   In 32 bit mode, the process size limit was hit
# Possible solutions:
#   Reduce memory load on the system
#   Increase physical memory or swap space
#   Check if swap backing store is full
#   Use 64 bit Java on a 64 bit OS
#   Decrease Java heap size (-Xmx/-Xms)
#   Decrease number of Java threads
#   Decrease Java thread stack sizes (-Xss)
#   Set larger code cache with -XX:ReservedCodeCacheSize=
# This output file may be truncated or incomplete.
#
#  Out of Memory Error (allocation.cpp:271), pid=6764, tid=6856
#
# JRE version: Java(TM) SE Runtime Environment (8.0-b132) (build 1.8.0-b132)
# Java VM: Java HotSpot(TM) 64-Bit Server VM (25.0-b70 mixed mode windows-amd64 compressed oops)
# Failed to write core dump. Minidumps are not enabled by default on client versions of Windows
#

---------------  T H R E A D  ---------------

Current thread (0x000000001455e800):  JavaThread "C1 CompilerThread2" daemon [_thread_in_native, id=6856, stack(0x0000000015c70000,0x0000000015d70000)]

Stack: [0x0000000015c70000,0x0000000015d70000]
Native frames: (J=compiled Java code, j=interpreted, Vv=VM code, C=native code)
V  [jvm.dll+0x308e0a]


Current CompileTask:
C1:   5314  677   !   3       com.android.dx.cf.code.BytecodeArray::parseInstruction (2764 bytes)


---------------  P R O C E S S  ---------------

Java Threads: ( => current thread )
  0x000000001620d000 JavaThread "pool-1-thread-4" [_thread_in_vm, id=3244, stack(0x0000000016f70000,0x0000000017070000)]
  0x000000001620c000 JavaThread "pool-1-thread-3" [_thread_in_Java, id=4312, stack(0x0000000016e70000,0x0000000016f70000)]
  0x000000001620b800 JavaThread "pool-1-thread-2" [_thread_in_Java, id=5200, stack(0x0000000016d70000,0x0000000016e70000)]
  0x0000000016207800 JavaThread "pool-2-thread-1" [_thread_blocked, id=7060, stack(0x0000000016c70000,0x0000000016d70000)]
  0x0000000016207000 JavaThread "pool-1-thread-1" [_thread_in_Java, id=1336, stack(0x0000000016b70000,0x0000000016c70000)]
  0x0000000014569000 JavaThread "Service Thread" daemon [_thread_blocked, id=5576, stack(0x0000000015d70000,0x0000000015e70000)]
=>0x000000001455e800 JavaThread "C1 CompilerThread2" daemon [_thread_in_native, id=6856, stack(0x0000000015c70000,0x0000000015d70000)]
  0x000000001450f800 JavaThread "C2 CompilerThread1" daemon [_thread_blocked, id=2608, stack(0x0000000015b70000,0x0000000015c70000)]
  0x000000001450d800 JavaThread "C2 CompilerThread0" daemon [_thread_in_native, id=1688, stack(0x0000000015a70000,0x0000000015b70000)]
  0x0000000014509000 JavaThread "Attach Listener" daemon [_thread_blocked, id=4064, stack(0x0000000015970000,0x0000000015a70000)]
  0x0000000014508000 JavaThread "Signal Dispatcher" daemon [_thread_blocked, id=6696, stack(0x0000000015870000,0x0000000015970000)]
  0x0000000001e2e000 JavaThread "Finalizer" daemon [_thread_blocked, id=7028, stack(0x0000000015770000,0x0000000015870000)]
  0x0000000001e29800 JavaThread "Reference Handler" daemon [_thread_blocked, id=5400, stack(0x0000000015670000,0x0000000015770000)]
  0x0000000001d40800 JavaThread "main" [_thread_blocked, id=4100, stack(0x0000000001bc0000,0x0000000001cc0000)]

Other Threads:
  0x00000000144d5800 VMThread [stack: 0x0000000015570000,0x0000000015670000] [id=4016]
  0x000000001456c000 WatcherThread [stack: 0x0000000015e70000,0x0000000015f70000] [id=3652]

VM state:not at safepoint (normal execution)

VM Mutex/Monitor currently owned by a thread: None

Heap:
 PSYoungGen      total 9216K, used 3700K [0x00000000eab00000, 0x00000000eb700000, 0x0000000100000000)
  eden space 7680K, 28% used [0x00000000eab00000,0x00000000ead219a8,0x00000000eb280000)
  from space 1536K, 98% used [0x00000000eb480000,0x00000000eb5fb780,0x00000000eb600000)
  to   space 2048K, 0% used [0x00000000eb280000,0x00000000eb280000,0x00000000eb480000)
 ParOldGen       total 129536K, used 1445K [0x00000000c0000000, 0x00000000c7e80000, 0x00000000eab00000)
  object space 129536K, 1% used [0x00000000c0000000,0x00000000c0169600,0x00000000c7e80000)
 Metaspace       used 5449K, capacity 6512K, committed 6784K, reserved 1056768K
  class space    used 582K, capacity 616K, committed 640K, reserved 1048576K

Card table byte_map: [0x0000000011200000,0x0000000011410000] byte_map_base: 0x0000000010c00000

Marking Bits: (ParMarkBitMap*) 0x000000006e0513b0
 Begin Bits: [0x0000000011970000, 0x0000000012970000)
 End Bits:   [0x0000000012970000, 0x0000000013970000)

Polling page: 0x0000000001b90000

CodeCache: size=245760Kb used=2498Kb max_used=2509Kb free=243261Kb
 bounds [0x0000000001e40000, 0x00000000020c0000, 0x0000000010e40000]
 total_blobs=939 nmethods=675 adapters=178
 compilation: enabled

Compilation events (10 events):
Event: 5.274 Thread 0x000000001455e800  670       3       com.android.dx.ssa.SsaMethod::onSourcesChanged (69 bytes)
Event: 5.275 Thread 0x000000001455e800 nmethod 670 0x00000000020ae890 code [0x00000000020aeaa0, 0x00000000020af698]
Event: 5.275 Thread 0x000000001455e800  682       3       com.android.dx.ssa.Optimizer::getPreserveLocals (4 bytes)
Event: 5.275 Thread 0x000000001455e800 nmethod 682 0x00000000020a8d90 code [0x00000000020a8ee0, 0x00000000020a9010]
Event: 5.275 Thread 0x000000001455e800  677   !   3       com.android.dx.cf.code.BytecodeArray::parseInstruction (2764 bytes)
Event: 5.278 Thread 0x000000001450f800 nmethod 673 0x00000000020b2c90 code [0x00000000020b2de0, 0x00000000020b3138]
Event: 5.278 Thread 0x000000001450f800  676       4       java.util.ArrayList::ensureExplicitCapacity (26 bytes)
Event: 5.283 Thread 0x000000001450f800 nmethod 676 0x00000000020a8790 code [0x00000000020a88e0, 0x00000000020a8b48]
Event: 5.283 Thread 0x000000001450f800  687       4       java.util.BitSet::get (69 bytes)
Event: 5.285 Thread 0x000000001450f800 nmethod 687 0x00000000020b3310 code [0x00000000020b3440, 0x00000000020b3518]

GC Heap History (10 events):
Event: 1.276 GC heap before
{Heap before GC invocations=4 (full 0):
 PSYoungGen      total 1536K, used 1520K [0x00000000eab00000, 0x00000000eae00000, 0x0000000100000000)
  eden space 1024K, 100% used [0x00000000eab00000,0x00000000eac00000,0x00000000eac00000)
  from space 512K, 96% used [0x00000000eac00000,0x00000000eac7c010,0x00000000eac80000)
  to   space 512K, 0% used [0x00000000ead80000,0x00000000ead80000,0x00000000eae00000)
 ParOldGen       total 129536K, used 389K [0x00000000c0000000, 0x00000000c7e80000, 0x00000000eab00000)
  object space 129536K, 0% used [0x00000000c0000000,0x00000000c0061640,0x00000000c7e80000)
 Metaspace       used 3446K, capacity 4720K, committed 4864K, reserved 1056768K
  class space    used 374K, capacity 424K, committed 512K, reserved 1048576K
Event: 1.288 GC heap after
Heap after GC invocations=4 (full 0):
 PSYoungGen      total 2560K, used 496K [0x00000000eab00000, 0x00000000eae00000, 0x0000000100000000)
  eden space 2048K, 0% used [0x00000000eab00000,0x00000000eab00000,0x00000000ead00000)
  from space 512K, 96% used [0x00000000ead80000,0x00000000eadfc010,0x00000000eae00000)
  to   space 512K, 0% used [0x00000000ead00000,0x00000000ead00000,0x00000000ead80000)
 ParOldGen       total 129536K, used 405K [0x00000000c0000000, 0x00000000c7e80000, 0x00000000eab00000)
  object space 129536K, 0% used [0x00000000c0000000,0x00000000c0065640,0x00000000c7e80000)
 Metaspace       used 3446K, capacity 4720K, committed 4864K, reserved 1056768K
  class space    used 374K, capacity 424K, committed 512K, reserved 1048576K
}
Event: 1.304 GC heap before
{Heap before GC invocations=5 (full 0):
 PSYoungGen      total 2560K, used 2544K [0x00000000eab00000, 0x00000000eae00000, 0x0000000100000000)
  eden space 2048K, 100% used [0x00000000eab00000,0x00000000ead00000,0x00000000ead00000)
  from space 512K, 96% used [0x00000000ead80000,0x00000000eadfc010,0x00000000eae00000)
  to   space 512K, 0% used [0x00000000ead00000,0x00000000ead00000,0x00000000ead80000)
 ParOldGen       total 129536K, used 405K [0x00000000c0000000, 0x00000000c7e80000, 0x00000000eab00000)
  object space 129536K, 0% used [0x00000000c0000000,0x00000000c0065640,0x00000000c7e80000)
 Metaspace       used 3446K, capacity 4720K, committed 4864K, reserved 1056768K
  class space    used 374K, capacity 424K, committed 512K, reserved 1048576K
Event: 1.321 GC heap after
Heap after GC invocations=5 (full 0):
 PSYoungGen      total 2560K, used 496K [0x00000000eab00000, 0x00000000eb100000, 0x0000000100000000)
  eden space 2048K, 0% used [0x00000000eab00000,0x00000000eab00000,0x00000000ead00000)
  from space 512K, 96% used [0x00000000ead00000,0x00000000ead7c010,0x00000000ead80000)
  to   space 1024K, 0% used [0x00000000eb000000,0x00000000eb000000,0x00000000eb100000)
 ParOldGen       total 129536K, used 405K [0x00000000c0000000, 0x00000000c7e80000, 0x00000000eab00000)
  object space 129536K, 0% used [0x00000000c0000000,0x00000000c0065640,0x00000000c7e80000)
 Metaspace       used 3446K, capacity 4720K, committed 4864K, reserved 1056768K
  class space    used 374K, capacity 424K, committed 512K, reserved 1048576K
}
Event: 1.351 GC heap before
{Heap before GC invocations=6 (full 0):
 PSYoungGen      total 2560K, used 2544K [0x00000000eab00000, 0x00000000eb100000, 0x0000000100000000)
  eden space 2048K, 100% used [0x00000000eab00000,0x00000000ead00000,0x00000000ead00000)
  from space 512K, 96% used [0x00000000ead00000,0x00000000ead7c010,0x00000000ead80000)
  to   space 1024K, 0% used [0x00000000eb000000,0x00000000eb000000,0x00000000eb100000)
 ParOldGen       total 129536K, used 405K [0x00000000c0000000, 0x00000000c7e80000, 0x00000000eab00000)
  object space 129536K, 0% used [0x00000000c0000000,0x00000000c0065640,0x00000000c7e80000)
 Metaspace       used 3446K, capacity 4720K, committed 4864K, reserved 1056768K
  class space    used 374K, capacity 424K, committed 512K, reserved 1048576K
Event: 1.373 GC heap after
Heap after GC invocations=6 (full 0):
 PSYoungGen      total 5120K, used 528K [0x00000000eab00000, 0x00000000eb100000, 0x0000000100000000)
  eden space 4096K, 0% used [0x00000000eab00000,0x00000000eab00000,0x00000000eaf00000)
  from space 1024K, 51% used [0x00000000eb000000,0x00000000eb084010,0x00000000eb100000)
  to   space 1024K, 0% used [0x00000000eaf00000,0x00000000eaf00000,0x00000000eb000000)
 ParOldGen       total 129536K, used 405K [0x00000000c0000000, 0x00000000c7e80000, 0x00000000eab00000)
  object space 129536K, 0% used [0x00000000c0000000,0x00000000c0065640,0x00000000c7e80000)
 Metaspace       used 3446K, capacity 4720K, committed 4864K, reserved 1056768K
  class space    used 374K, capacity 424K, committed 512K, reserved 1048576K
}
Event: 4.362 GC heap before
{Heap before GC invocations=7 (full 0):
 PSYoungGen      total 5120K, used 4624K [0x00000000eab00000, 0x00000000eb100000, 0x0000000100000000)
  eden space 4096K, 100% used [0x00000000eab00000,0x00000000eaf00000,0x00000000eaf00000)
  from space 1024K, 51% used [0x00000000eb000000,0x00000000eb084010,0x00000000eb100000)
  to   space 1024K, 0% used [0x00000000eaf00000,0x00000000eaf00000,0x00000000eb000000)
 ParOldGen       total 129536K, used 405K [0x00000000c0000000, 0x00000000c7e80000, 0x00000000eab00000)
  object space 129536K, 0% used [0x00000000c0000000,0x00000000c0065640,0x00000000c7e80000)
 Metaspace       used 4438K, capacity 5648K, committed 6016K, reserved 1056768K
  class space    used 489K, capacity 520K, committed 640K, reserved 1048576K
Event: 4.464 GC heap after
Heap after GC invocations=7 (full 0):
 PSYoungGen      total 5120K, used 997K [0x00000000eab00000, 0x00000000eb600000, 0x0000000100000000)
  eden space 4096K, 0% used [0x00000000eab00000,0x00000000eab00000,0x00000000eaf00000)
  from space 1024K, 97% used [0x00000000eaf00000,0x00000000eaff9640,0x00000000eb000000)
  to   space 1536K, 0% used [0x00000000eb480000,0x00000000eb480000,0x00000000eb600000)
 ParOldGen       total 129536K, used 1133K [0x00000000c0000000, 0x00000000c7e80000, 0x00000000eab00000)
  object space 129536K, 0% used [0x00000000c0000000,0x00000000c011b670,0x00000000c7e80000)
 Metaspace       used 4438K, capacity 5648K, committed 6016K, reserved 1056768K
  class space    used 489K, capacity 520K, committed 640K, reserved 1048576K
}
Event: 5.022 GC heap before
{Heap before GC invocations=8 (full 0):
 PSYoungGen      total 5120K, used 5093K [0x00000000eab00000, 0x00000000eb600000, 0x0000000100000000)
  eden space 4096K, 100% used [0x00000000eab00000,0x00000000eaf00000,0x00000000eaf00000)
  from space 1024K, 97% used [0x00000000eaf00000,0x00000000eaff9640,0x00000000eb000000)
  to   space 1536K, 0% used [0x00000000eb480000,0x00000000eb480000,0x00000000eb600000)
 ParOldGen       total 129536K, used 1133K [0x00000000c0000000, 0x00000000c7e80000, 0x00000000eab00000)
  object space 129536K, 0% used [0x00000000c0000000,0x00000000c011b670,0x00000000c7e80000)
 Metaspace       used 5310K, capacity 6384K, committed 6528K, reserved 1056768K
  class space    used 582K, capacity 616K, committed 640K, reserved 1048576K
Event: 5.153 GC heap after
Heap after GC invocations=8 (full 0):
 PSYoungGen      total 9216K, used 1517K [0x00000000eab00000, 0x00000000eb700000, 0x0000000100000000)
  eden space 7680K, 0% used [0x00000000eab00000,0x00000000eab00000,0x00000000eb280000)
  from space 1536K, 98% used [0x00000000eb480000,0x00000000eb5fb780,0x00000000eb600000)
  to   space 2048K, 0% used [0x00000000eb280000,0x00000000eb280000,0x00000000eb480000)
 ParOldGen       total 129536K, used 1445K [0x00000000c0000000, 0x00000000c7e80000, 0x00000000eab00000)
  object space 129536K, 1% used [0x00000000c0000000,0x00000000c0169600,0x00000000c7e80000)
 Metaspace       used 5310K, capacity 6384K, committed 6528K, reserved 1056768K
  class space    used 582K, capacity 616K, committed 640K, reserved 1048576K
}

Deoptimization events (0 events):
No events

Internal exceptions (10 events):
Event: 4.977 Thread 0x000000001620b800 Exception <a 'java/security/PrivilegedActionException'> (0x00000000eaddb248) thrown at [D:\re\workspace\8-2-build-windows-amd64-cygwin\jdk8\2238\hotspot\src\share\vm\prims\jvm.cpp, line 1248]
Event: 4.978 Thread 0x000000001620b800 Exception <a 'java/security/PrivilegedActionException'> (0x00000000eade0788) thrown at [D:\re\workspace\8-2-build-windows-amd64-cygwin\jdk8\2238\hotspot\src\share\vm\prims\jvm.cpp, line 1248]
Event: 4.980 Thread 0x0000000001d40800 Exception <a 'java/security/PrivilegedActionException'> (0x00000000eac2a348) thrown at [D:\re\workspace\8-2-build-windows-amd64-cygwin\jdk8\2238\hotspot\src\share\vm\prims\jvm.cpp, line 1248]
Event: 4.985 Thread 0x000000001620d000 Exception <a 'java/security/PrivilegedActionException'> (0x00000000eadb7760) thrown at [D:\re\workspace\8-2-build-windows-amd64-cygwin\jdk8\2238\hotspot\src\share\vm\prims\jvm.cpp, line 1248]
Event: 4.986 Thread 0x000000001620d000 Exception <a 'java/security/PrivilegedActionException'> (0x00000000eadbd998) thrown at [D:\re\workspace\8-2-build-windows-amd64-cygwin\jdk8\2238\hotspot\src\share\vm\prims\jvm.cpp, line 1248]
Event: 4.988 Thread 0x0000000001d40800 Exception <a 'java/security/PrivilegedActionException'> (0x00000000eade7170) thrown at [D:\re\workspace\8-2-build-windows-amd64-cygwin\jdk8\2238\hotspot\src\share\vm\prims\jvm.cpp, line 1248]
Event: 4.992 Thread 0x0000000001d40800 Exception <a 'java/security/PrivilegedActionException'> (0x00000000eadf1b40) thrown at [D:\re\workspace\8-2-build-windows-amd64-cygwin\jdk8\2238\hotspot\src\share\vm\prims\jvm.cpp, line 1248]
Event: 5.000 Thread 0x000000001620d000 Exception <a 'java/security/PrivilegedActionException'> (0x00000000eae3f5c0) thrown at [D:\re\workspace\8-2-build-windows-amd64-cygwin\jdk8\2238\hotspot\src\share\vm\prims\jvm.cpp, line 1248]
Event: 5.006 Thread 0x000000001620c000 Exception <a 'java/security/PrivilegedActionException'> (0x00000000eae65840) thrown at [D:\re\workspace\8-2-build-windows-amd64-cygwin\jdk8\2238\hotspot\src\share\vm\prims\jvm.cpp, line 1248]
Event: 5.011 Thread 0x000000001620c000 Exception <a 'java/security/PrivilegedActionException'> (0x00000000eae7aaa8) thrown at [D:\re\workspace\8-2-build-windows-amd64-cygwin\jdk8\2238\hotspot\src\share\vm\prims\jvm.cpp, line 1248]

Events (10 events):
Event: 5.006 loading class com/android/dx/ssa/PhiInsn$Operand
Event: 5.006 loading class com/android/dx/ssa/PhiInsn$Operand done
Event: 5.010 loading class java/util/HashMap$Values
Event: 5.010 loading class java/util/HashMap$Values done
Event: 5.011 loading class java/util/HashMap$ValueIterator
Event: 5.011 loading class java/util/HashMap$ValueIterator done
Event: 5.011 loading class com/android/dx/ssa/back/FirstFitLocalCombiningAllocator$Multiset
Event: 5.011 loading class com/android/dx/ssa/back/FirstFitLocalCombiningAllocator$Multiset done
Event: 5.022 Executing VM operation: ParallelGCFailedAllocation
Event: 5.153 Executing VM operation: ParallelGCFailedAllocation done


Dynamic libraries:
0x00007ff664480000 - 0x00007ff6644b4000 	C:\Program Files\Java\jdk1.8.0\bin\java.exe
0x00007ffc63630000 - 0x00007ffc637dd000 	C:\Windows\SYSTEM32\ntdll.dll
0x00007ffc62f40000 - 0x00007ffc6307e000 	C:\Windows\system32\KERNEL32.DLL
0x00007ffc60910000 - 0x00007ffc60a25000 	C:\Windows\system32\KERNELBASE.dll
0x00007ffc5f300000 - 0x00007ffc5f38e000 	C:\Windows\system32\apphelp.dll
0x00007ffc56e70000 - 0x00007ffc56ec3000 	C:\Windows\AppPatch\AppPatch64\AcGenral.DLL
0x00007ffc62ad0000 - 0x00007ffc62b7a000 	C:\Windows\system32\msvcrt.dll
0x00007ffc608e0000 - 0x00007ffc6090e000 	C:\Windows\system32\SspiCli.dll
0x00007ffc63180000 - 0x00007ffc631d4000 	C:\Windows\system32\SHLWAPI.dll
0x00007ffc62dc0000 - 0x00007ffc62f37000 	C:\Windows\system32\USER32.dll
0x00007ffc62920000 - 0x00007ffc62ab4000 	C:\Windows\system32\ole32.dll
0x00007ffc610b0000 - 0x00007ffc625da000 	C:\Windows\system32\SHELL32.dll
0x00007ffc5fd50000 - 0x00007ffc5fd71000 	C:\Windows\SYSTEM32\USERENV.dll
0x00007ffc630c0000 - 0x00007ffc6316a000 	C:\Windows\system32\ADVAPI32.dll
0x00007ffc50950000 - 0x00007ffc5096e000 	C:\Windows\SYSTEM32\MPR.dll
0x00007ffc631e0000 - 0x00007ffc63320000 	C:\Windows\system32\RPCRT4.dll
0x00007ffc62ba0000 - 0x00007ffc62bf9000 	C:\Windows\SYSTEM32\sechost.dll
0x00007ffc63380000 - 0x00007ffc63591000 	C:\Windows\SYSTEM32\combase.dll
0x00007ffc60d80000 - 0x00007ffc60ecf000 	C:\Windows\system32\GDI32.dll
0x00007ffc60760000 - 0x00007ffc60775000 	C:\Windows\SYSTEM32\profapi.dll
0x00007ffc5ed00000 - 0x00007ffc5edb2000 	C:\Windows\SYSTEM32\SHCORE.dll
0x00007ffc63080000 - 0x00007ffc630b6000 	C:\Windows\system32\IMM32.DLL
0x00007ffc62c60000 - 0x00007ffc62db2000 	C:\Windows\system32\MSCTF.dll
0x00007ffc60710000 - 0x00007ffc60742000 	C:\Windows\system32\nvinitx.dll
0x00007ffc5e760000 - 0x00007ffc5e9db000 	C:\Windows\WinSxS\amd64_microsoft.windows.common-controls_6595b64144ccf1df_6.0.9600.18006_none_623f33d3ecbe86e8\COMCTL32.dll
0x000000006d620000 - 0x000000006d6f2000 	C:\Program Files\Java\jdk1.8.0\jre\bin\msvcr100.dll
0x000000006d8a0000 - 0x000000006e0ca000 	C:\Program Files\Java\jdk1.8.0\jre\bin\server\jvm.dll
0x00007ffc56660000 - 0x00007ffc56669000 	C:\Windows\SYSTEM32\WSOCK32.dll
0x00007ffc5de70000 - 0x00007ffc5de92000 	C:\Windows\SYSTEM32\WINMM.dll
0x00007ffc63610000 - 0x00007ffc63617000 	C:\Windows\system32\PSAPI.DLL
0x00007ffc62c00000 - 0x00007ffc62c5a000 	C:\Windows\system32\WS2_32.dll
0x00007ffc5dd50000 - 0x00007ffc5dd7a000 	C:\Windows\SYSTEM32\WINMMBASE.dll
0x00007ffc63620000 - 0x00007ffc63629000 	C:\Windows\system32\NSI.dll
0x00007ffc60a30000 - 0x00007ffc60a7f000 	C:\Windows\SYSTEM32\cfgmgr32.dll
0x00007ffc5f550000 - 0x00007ffc5f578000 	C:\Windows\SYSTEM32\DEVOBJ.dll
0x000000006ebb0000 - 0x000000006ebbf000 	C:\Program Files\Java\jdk1.8.0\jre\bin\verify.dll
0x000000006eb80000 - 0x000000006eba8000 	C:\Program Files\Java\jdk1.8.0\jre\bin\java.dll
0x000000006eb60000 - 0x000000006eb76000 	C:\Program Files\Java\jdk1.8.0\jre\bin\zip.dll
0x00007ffc52140000 - 0x00007ffc522c9000 	C:\Windows\SYSTEM32\dbghelp.dll

VM Arguments:
jvm_args: -Djava.awt.headless=true -Xmx1024M -Dfile.encoding=windows-1252 -Duser.country=US -Duser.language=en -Duser.variant 
java_command: com.android.dx.command.Main --dex --num-threads=4 --output D:\Computer_Science_with_Android_offline\HangMan-master\app\build\intermediates\pre-dexed\debug\internal_impl-23.3.0_11cb47b19964e842180a1ccf999fa32dcecb6e89.jar D:\Computer_Science_with_Android_offline\HangMan-master\app\build\intermediates\exploded-aar\com.android.support\support-v4\23.3.0\jars\libs\internal_impl-23.3.0.jar
java_class_path (initial): C:\Users\User\AppData\Local\Android\sdk1\build-tools\23.0.3\lib\dx.jar
Launcher Type: SUN_STANDARD

Environment Variables:
JAVA_HOME=C:\Program Files\Java\jdk1.8.0
PATH=C:\Program Files (x86)\NVIDIA Corporation\PhysX\Common;C:\Windows\system32;C:\Windows;C:\Windows\System32\Wbem;C:\Windows\System32\WindowsPowerShell\v1.0\;C:\Program Files\Intel\WiFi\bin\;C:\Program Files\Common Files\Intel\WirelessCommon\;C:\Program Files (x86)\Skype\Phone\;C:\Program Files (x86)\Windows Live\Shared; C:\Program Files\Java\jdk1.8.0\bin;.;;.;;.;
USERNAME=User
OS=Windows_NT
PROCESSOR_IDENTIFIER=Intel64 Family 6 Model 69 Stepping 1, GenuineIntel



---------------  S Y S T E M  ---------------

OS: Windows 8.1 , 64 bit Build 9600 

CPU:total 4 (2 cores per cpu, 2 threads per core) family 6 model 69 stepping 1, cmov, cx8, fxsr, mmx, sse, sse2, sse3, ssse3, sse4.1, sse4.2, popcnt, avx, avx2, aes, clmul, erms, ht, tsc, tscinvbit

Memory: 4k page, physical 8287332k(1242752k free), swap 11433060k(4336k free)

vm_info: Java HotSpot(TM) 64-Bit Server VM (25.0-b70) for windows-amd64 JRE (1.8.0-b132), built on Mar  4 2014 03:46:18 by "java_re" with MS VC++ 10.0 (VS2010)

time: Wed Jun 22 01:29:07 2016
elapsed time: 5 seconds

