#
# There is insufficient memory for the Java Runtime Environment to continue.
# Native memory allocation (malloc) failed to allocate 488176 bytes for Chunk::new
# Possible reasons:
#   The system is out of physical RAM or swap space
#   In 32 bit mode, the process size limit was hit
# Possible solutions:
#   Reduce memory load on the system
#   Increase physical memory or swap space
#   Check if swap backing store is full
#   Use 64 bit Java on a 64 bit OS
#   Decrease Java heap size (-Xmx/-Xms)
#   Decrease number of Java threads
#   Decrease Java thread stack sizes (-Xss)
#   Set larger code cache with -XX:ReservedCodeCacheSize=
# This output file may be truncated or incomplete.
#
#  Out of Memory Error (allocation.cpp:388), pid=5900, tid=2568
#
# JRE version: Java(TM) SE Runtime Environment (8.0-b132) (build 1.8.0-b132)
# Java VM: Java HotSpot(TM) 64-Bit Server VM (25.0-b70 mixed mode windows-amd64 compressed oops)
# Failed to write core dump. Minidumps are not enabled by default on client versions of Windows
#

---------------  T H R E A D  ---------------

Current thread (0x000000001475f800):  JavaThread "C2 CompilerThread1" daemon [_thread_in_native, id=2568, stack(0x0000000015dc0000,0x0000000015ec0000)]

Stack: [0x0000000015dc0000,0x0000000015ec0000]
Native frames: (J=compiled Java code, j=interpreted, Vv=VM code, C=native code)
V  [jvm.dll+0x308e0a]


Current CompileTask:
C2:  17688 2396       4       com.android.dx.ssa.ConstCollector::getConstsSortedByCountUse (386 bytes)


---------------  P R O C E S S  ---------------

Java Threads: ( => current thread )
  0x00000000164b3000 JavaThread "pool-1-thread-4" [_thread_in_Java, id=932, stack(0x00000000171c0000,0x00000000172c0000)]
  0x00000000163bc000 JavaThread "pool-1-thread-3" [_thread_in_Java, id=6340, stack(0x00000000170c0000,0x00000000171c0000)]
  0x00000000163bb000 JavaThread "pool-1-thread-2" [_thread_in_Java, id=3972, stack(0x0000000016fc0000,0x00000000170c0000)]
  0x0000000016661800 JavaThread "pool-2-thread-1" [_thread_blocked, id=7148, stack(0x0000000016ec0000,0x0000000016fc0000)]
  0x0000000016457800 JavaThread "pool-1-thread-1" [_thread_in_Java, id=3644, stack(0x0000000016dc0000,0x0000000016ec0000)]
  0x00000000147bd800 JavaThread "Service Thread" daemon [_thread_blocked, id=1936, stack(0x0000000015fc0000,0x00000000160c0000)]
  0x0000000014761000 JavaThread "C1 CompilerThread2" daemon [_thread_blocked, id=2720, stack(0x0000000015ec0000,0x0000000015fc0000)]
=>0x000000001475f800 JavaThread "C2 CompilerThread1" daemon [_thread_in_native, id=2568, stack(0x0000000015dc0000,0x0000000015ec0000)]
  0x000000001475d800 JavaThread "C2 CompilerThread0" daemon [_thread_in_native, id=1064, stack(0x0000000015cc0000,0x0000000015dc0000)]
  0x0000000014759000 JavaThread "Attach Listener" daemon [_thread_blocked, id=1788, stack(0x0000000015bc0000,0x0000000015cc0000)]
  0x0000000014758000 JavaThread "Signal Dispatcher" daemon [_thread_blocked, id=6600, stack(0x0000000015ac0000,0x0000000015bc0000)]
  0x000000000207e000 JavaThread "Finalizer" daemon [_thread_blocked, id=6436, stack(0x00000000159c0000,0x0000000015ac0000)]
  0x0000000002079800 JavaThread "Reference Handler" daemon [_thread_blocked, id=1504, stack(0x00000000158c0000,0x00000000159c0000)]
  0x0000000001f90800 JavaThread "main" [_thread_in_Java, id=3548, stack(0x0000000001dd0000,0x0000000001ed0000)]

Other Threads:
  0x0000000014725800 VMThread [stack: 0x00000000157c0000,0x00000000158c0000] [id=6352]
  0x00000000160c9800 WatcherThread [stack: 0x00000000164c0000,0x00000000165c0000] [id=6920]

VM state:not at safepoint (normal execution)

VM Mutex/Monitor currently owned by a thread: None

Heap:
 PSYoungGen      total 62464K, used 57548K [0x00000000eab00000, 0x00000000ef380000, 0x0000000100000000)
  eden space 53760K, 93% used [0x00000000eab00000,0x00000000edc33220,0x00000000edf80000)
  from space 8704K, 82% used [0x00000000ee900000,0x00000000ef000160,0x00000000ef180000)
  to   space 9728K, 0% used [0x00000000edf80000,0x00000000edf80000,0x00000000ee900000)
 ParOldGen       total 129536K, used 47987K [0x00000000c0000000, 0x00000000c7e80000, 0x00000000eab00000)
  object space 129536K, 37% used [0x00000000c0000000,0x00000000c2edcc60,0x00000000c7e80000)
 Metaspace       used 6161K, capacity 7064K, committed 7424K, reserved 1056768K
  class space    used 614K, capacity 656K, committed 768K, reserved 1048576K

Card table byte_map: [0x0000000011450000,0x0000000011660000] byte_map_base: 0x0000000010e50000

Marking Bits: (ParMarkBitMap*) 0x000000006e0513b0
 Begin Bits: [0x0000000011bc0000, 0x0000000012bc0000)
 End Bits:   [0x0000000012bc0000, 0x0000000013bc0000)

Polling page: 0x0000000001ed0000

CodeCache: size=245760Kb used=9939Kb max_used=9955Kb free=235820Kb
 bounds [0x0000000002090000, 0x0000000002a60000, 0x0000000011090000]
 total_blobs=2462 nmethods=2197 adapters=178
 compilation: enabled

Compilation events (10 events):
Event: 17.545 Thread 0x0000000014761000 2427       2       com.android.dx.cf.code.BytecodeArray$ConstantParserVisitor::visitConstant (18 bytes)
Event: 17.545 Thread 0x0000000014761000 nmethod 2427 0x0000000002a1d190 code [0x0000000002a1d2e0, 0x0000000002a1d450]
Event: 17.555 Thread 0x0000000014761000 2430       2       com.android.dx.rop.type.Type::isCategory1 (36 bytes)
Event: 17.555 Thread 0x0000000014761000 nmethod 2430 0x0000000002198c90 code [0x0000000002198de0, 0x0000000002198f50]
Event: 17.567 Thread 0x0000000014761000 2432       2       com.android.dx.cf.direct.StdAttributeFactory::parse0 (532 bytes)
Event: 17.571 Thread 0x0000000014761000 nmethod 2432 0x0000000002a42550 code [0x0000000002a42a40, 0x0000000002a44548]
Event: 17.577 Thread 0x000000001475d800 nmethod 2412 0x0000000002a4cc50 code [0x0000000002a4cea0, 0x0000000002a4e260]
Event: 17.579 Thread 0x000000001475d800 2415       4       com.android.dx.ssa.MoveParamCombiner$1::visitNonMoveInsn (213 bytes)
Event: 17.643 Thread 0x000000001475d800 nmethod 2415 0x0000000002a4fad0 code [0x0000000002a4fda0, 0x0000000002a51210]
Event: 17.643 Thread 0x000000001475d800 2428   !   4       com.android.dx.cf.code.BytecodeArray::parseInstruction (2764 bytes)

GC Heap History (10 events):
Event: 8.831 GC heap before
{Heap before GC invocations=30 (full 0):
 PSYoungGen      total 30720K, used 30640K [0x00000000eab00000, 0x00000000ed780000, 0x0000000100000000)
  eden space 26112K, 100% used [0x00000000eab00000,0x00000000ec480000,0x00000000ec480000)
  from space 4608K, 98% used [0x00000000ec480000,0x00000000ec8ec1e0,0x00000000ec900000)
  to   space 5632K, 0% used [0x00000000ed200000,0x00000000ed200000,0x00000000ed780000)
 ParOldGen       total 129536K, used 22960K [0x00000000c0000000, 0x00000000c7e80000, 0x00000000eab00000)
  object space 129536K, 17% used [0x00000000c0000000,0x00000000c166c3e0,0x00000000c7e80000)
 Metaspace       used 6045K, capacity 7024K, committed 7296K, reserved 1056768K
  class space    used 594K, capacity 616K, committed 640K, reserved 1048576K
Event: 8.926 GC heap after
Heap after GC invocations=30 (full 0):
 PSYoungGen      total 39424K, used 4672K [0x00000000eab00000, 0x00000000ed880000, 0x0000000100000000)
  eden space 33792K, 0% used [0x00000000eab00000,0x00000000eab00000,0x00000000ecc00000)
  from space 5632K, 82% used [0x00000000ed200000,0x00000000ed690020,0x00000000ed780000)
  to   space 6144K, 0% used [0x00000000ecc00000,0x00000000ecc00000,0x00000000ed200000)
 ParOldGen       total 129536K, used 26880K [0x00000000c0000000, 0x00000000c7e80000, 0x00000000eab00000)
  object space 129536K, 20% used [0x00000000c0000000,0x00000000c1a403e0,0x00000000c7e80000)
 Metaspace       used 6045K, capacity 7024K, committed 7296K, reserved 1056768K
  class space    used 594K, capacity 616K, committed 640K, reserved 1048576K
}
Event: 9.962 GC heap before
{Heap before GC invocations=31 (full 0):
 PSYoungGen      total 39424K, used 38464K [0x00000000eab00000, 0x00000000ed880000, 0x0000000100000000)
  eden space 33792K, 100% used [0x00000000eab00000,0x00000000ecc00000,0x00000000ecc00000)
  from space 5632K, 82% used [0x00000000ed200000,0x00000000ed690020,0x00000000ed780000)
  to   space 6144K, 0% used [0x00000000ecc00000,0x00000000ecc00000,0x00000000ed200000)
 ParOldGen       total 129536K, used 26880K [0x00000000c0000000, 0x00000000c7e80000, 0x00000000eab00000)
  object space 129536K, 20% used [0x00000000c0000000,0x00000000c1a403e0,0x00000000c7e80000)
 Metaspace       used 6051K, capacity 7024K, committed 7296K, reserved 1056768K
  class space    used 594K, capacity 616K, committed 640K, reserved 1048576K
Event: 10.072 GC heap after
Heap after GC invocations=31 (full 0):
 PSYoungGen      total 39936K, used 5876K [0x00000000eab00000, 0x00000000ee400000, 0x0000000100000000)
  eden space 33792K, 0% used [0x00000000eab00000,0x00000000eab00000,0x00000000ecc00000)
  from space 6144K, 95% used [0x00000000ecc00000,0x00000000ed1bd3e0,0x00000000ed200000)
  to   space 7168K, 0% used [0x00000000edd00000,0x00000000edd00000,0x00000000ee400000)
 ParOldGen       total 129536K, used 31237K [0x00000000c0000000, 0x00000000c7e80000, 0x00000000eab00000)
  object space 129536K, 24% used [0x00000000c0000000,0x00000000c1e81798,0x00000000c7e80000)
 Metaspace       used 6051K, capacity 7024K, committed 7296K, reserved 1056768K
  class space    used 594K, capacity 616K, committed 640K, reserved 1048576K
}
Event: 11.050 GC heap before
{Heap before GC invocations=32 (full 0):
 PSYoungGen      total 39936K, used 39668K [0x00000000eab00000, 0x00000000ee400000, 0x0000000100000000)
  eden space 33792K, 100% used [0x00000000eab00000,0x00000000ecc00000,0x00000000ecc00000)
  from space 6144K, 95% used [0x00000000ecc00000,0x00000000ed1bd3e0,0x00000000ed200000)
  to   space 7168K, 0% used [0x00000000edd00000,0x00000000edd00000,0x00000000ee400000)
 ParOldGen       total 129536K, used 31237K [0x00000000c0000000, 0x00000000c7e80000, 0x00000000eab00000)
  object space 129536K, 24% used [0x00000000c0000000,0x00000000c1e81798,0x00000000c7e80000)
 Metaspace       used 6146K, capacity 7064K, committed 7424K, reserved 1056768K
  class space    used 614K, capacity 656K, committed 768K, reserved 1048576K
Event: 11.399 GC heap after
Heap after GC invocations=32 (full 0):
 PSYoungGen      total 50688K, used 5344K [0x00000000eab00000, 0x00000000ee500000, 0x0000000100000000)
  eden space 43520K, 0% used [0x00000000eab00000,0x00000000eab00000,0x00000000ed580000)
  from space 7168K, 74% used [0x00000000edd00000,0x00000000ee238000,0x00000000ee400000)
  to   space 7680K, 0% used [0x00000000ed580000,0x00000000ed580000,0x00000000edd00000)
 ParOldGen       total 129536K, used 36508K [0x00000000c0000000, 0x00000000c7e80000, 0x00000000eab00000)
  object space 129536K, 28% used [0x00000000c0000000,0x00000000c23a7188,0x00000000c7e80000)
 Metaspace       used 6146K, capacity 7064K, committed 7424K, reserved 1056768K
  class space    used 614K, capacity 656K, committed 768K, reserved 1048576K
}
Event: 12.995 GC heap before
{Heap before GC invocations=33 (full 0):
 PSYoungGen      total 50688K, used 48864K [0x00000000eab00000, 0x00000000ee500000, 0x0000000100000000)
  eden space 43520K, 100% used [0x00000000eab00000,0x00000000ed580000,0x00000000ed580000)
  from space 7168K, 74% used [0x00000000edd00000,0x00000000ee238000,0x00000000ee400000)
  to   space 7680K, 0% used [0x00000000ed580000,0x00000000ed580000,0x00000000edd00000)
 ParOldGen       total 129536K, used 36508K [0x00000000c0000000, 0x00000000c7e80000, 0x00000000eab00000)
  object space 129536K, 28% used [0x00000000c0000000,0x00000000c23a7188,0x00000000c7e80000)
 Metaspace       used 6154K, capacity 7064K, committed 7424K, reserved 1056768K
  class space    used 614K, capacity 656K, committed 768K, reserved 1048576K
Event: 13.308 GC heap after
Heap after GC invocations=33 (full 0):
 PSYoungGen      total 51200K, used 6752K [0x00000000eab00000, 0x00000000ef180000, 0x0000000100000000)
  eden space 43520K, 0% used [0x00000000eab00000,0x00000000eab00000,0x00000000ed580000)
  from space 7680K, 87% used [0x00000000ed580000,0x00000000edc18000,0x00000000edd00000)
  to   space 8704K, 0% used [0x00000000ee900000,0x00000000ee900000,0x00000000ef180000)
 ParOldGen       total 129536K, used 41541K [0x00000000c0000000, 0x00000000c7e80000, 0x00000000eab00000)
  object space 129536K, 32% used [0x00000000c0000000,0x00000000c2891558,0x00000000c7e80000)
 Metaspace       used 6154K, capacity 7064K, committed 7424K, reserved 1056768K
  class space    used 614K, capacity 656K, committed 768K, reserved 1048576K
}
Event: 15.035 GC heap before
{Heap before GC invocations=34 (full 0):
 PSYoungGen      total 51200K, used 50272K [0x00000000eab00000, 0x00000000ef180000, 0x0000000100000000)
  eden space 43520K, 100% used [0x00000000eab00000,0x00000000ed580000,0x00000000ed580000)
  from space 7680K, 87% used [0x00000000ed580000,0x00000000edc18000,0x00000000edd00000)
  to   space 8704K, 0% used [0x00000000ee900000,0x00000000ee900000,0x00000000ef180000)
 ParOldGen       total 129536K, used 41541K [0x00000000c0000000, 0x00000000c7e80000, 0x00000000eab00000)
  object space 129536K, 32% used [0x00000000c0000000,0x00000000c2891558,0x00000000c7e80000)
 Metaspace       used 6157K, capacity 7064K, committed 7424K, reserved 1056768K
  class space    used 614K, capacity 656K, committed 768K, reserved 1048576K
Event: 15.228 GC heap after
Heap after GC invocations=34 (full 0):
 PSYoungGen      total 62464K, used 7168K [0x00000000eab00000, 0x00000000ef380000, 0x0000000100000000)
  eden space 53760K, 0% used [0x00000000eab00000,0x00000000eab00000,0x00000000edf80000)
  from space 8704K, 82% used [0x00000000ee900000,0x00000000ef000160,0x00000000ef180000)
  to   space 9728K, 0% used [0x00000000edf80000,0x00000000edf80000,0x00000000ee900000)
 ParOldGen       total 129536K, used 47987K [0x00000000c0000000, 0x00000000c7e80000, 0x00000000eab00000)
  object space 129536K, 37% used [0x00000000c0000000,0x00000000c2edcc60,0x00000000c7e80000)
 Metaspace       used 6157K, capacity 7064K, committed 7424K, reserved 1056768K
  class space    used 614K, capacity 656K, committed 768K, reserved 1048576K
}

Deoptimization events (10 events):
Event: 12.511 Thread 0x00000000163bb000 Uncommon trap: reason=bimorphic action=maybe_recompile pc=0x000000000267b884 method=com.android.dx.ssa.LiteralOpUpgrader.tryReplacingWithConstant(Lcom/android/dx/ssa/NormalSsaInsn;)Z @ 62
Event: 12.555 Thread 0x0000000016457800 Uncommon trap: reason=bimorphic action=maybe_recompile pc=0x00000000028fea7c method=com.android.dx.cf.code.BytecodeArray.parseInstruction(ILcom/android/dx/cf/code/BytecodeArray$Visitor;)I @ 1357
Event: 12.556 Thread 0x0000000016457800 Uncommon trap: reason=bimorphic action=maybe_recompile pc=0x00000000028fea7c method=com.android.dx.cf.code.BytecodeArray.parseInstruction(ILcom/android/dx/cf/code/BytecodeArray$Visitor;)I @ 1357
Event: 13.360 Thread 0x00000000163bb000 Uncommon trap: reason=unreached action=reinterpret pc=0x000000000280c53c method=java.util.HashMap.putVal(ILjava/lang/Object;Ljava/lang/Object;ZZ)Ljava/lang/Object; @ 109
Event: 17.545 Thread 0x0000000016457800 Uncommon trap: reason=bimorphic action=maybe_recompile pc=0x000000000296ae68 method=com.android.dx.cf.code.BytecodeArray.parseInstruction(ILcom/android/dx/cf/code/BytecodeArray$Visitor;)I @ 1035
Event: 17.545 Thread 0x0000000016457800 Uncommon trap: reason=bimorphic action=maybe_recompile pc=0x000000000296ac50 method=com.android.dx.cf.code.BytecodeArray.parseInstruction(ILcom/android/dx/cf/code/BytecodeArray$Visitor;)I @ 971
Event: 17.545 Thread 0x0000000016457800 Uncommon trap: reason=bimorphic action=maybe_recompile pc=0x000000000296acdc method=com.android.dx.cf.code.BytecodeArray.parseInstruction(ILcom/android/dx/cf/code/BytecodeArray$Visitor;)I @ 987
Event: 17.545 Thread 0x0000000016457800 Uncommon trap: reason=bimorphic action=maybe_recompile pc=0x000000000296aeec method=com.android.dx.cf.code.BytecodeArray.parseInstruction(ILcom/android/dx/cf/code/BytecodeArray$Visitor;)I @ 1051
Event: 17.545 Thread 0x0000000016457800 Uncommon trap: reason=bimorphic action=maybe_recompile pc=0x000000000296ae68 method=com.android.dx.cf.code.BytecodeArray.parseInstruction(ILcom/android/dx/cf/code/BytecodeArray$Visitor;)I @ 1035
Event: 17.555 Thread 0x0000000001f90800 Uncommon trap: reason=unreached action=reinterpret pc=0x0000000002a482ec method=com.android.dx.cf.direct.StdAttributeFactory.parse0(Lcom/android/dx/cf/direct/DirectClassFile;ILjava/lang/String;IILcom/android/dx/cf/iface/ParseObserver;)Lcom/android/dx/cf/if+×÷“)@

Internal exceptions (10 events):
Event: 2.493 Thread 0x0000000001f90800 Implicit null exception at 0x00000000023f2222 to 0x00000000023f2325
Event: 2.931 Thread 0x00000000163bc000 Exception <a 'java/security/PrivilegedActionException'> (0x00000000eb049230) thrown at [D:\re\workspace\8-2-build-windows-amd64-cygwin\jdk8\2238\hotspot\src\share\vm\prims\jvm.cpp, line 1248]
Event: 6.317 Thread 0x0000000001f90800 Exception <a 'java/security/PrivilegedActionException'> (0x00000000ead9bd70) thrown at [D:\re\workspace\8-2-build-windows-amd64-cygwin\jdk8\2238\hotspot\src\share\vm\prims\jvm.cpp, line 1248]
Event: 6.328 Thread 0x00000000164b3000 Exception <a 'java/security/PrivilegedActionException'> (0x00000000eaeca588) thrown at [D:\re\workspace\8-2-build-windows-amd64-cygwin\jdk8\2238\hotspot\src\share\vm\prims\jvm.cpp, line 1248]
Event: 8.992 Thread 0x00000000163bb000 Exception <a 'java/security/PrivilegedActionException'> (0x00000000eaf98ed0) thrown at [D:\re\workspace\8-2-build-windows-amd64-cygwin\jdk8\2238\hotspot\src\share\vm\prims\jvm.cpp, line 1248]
Event: 9.068 Thread 0x00000000164b3000 Implicit null exception at 0x0000000002673015 to 0x00000000026748d1
Event: 11.033 Thread 0x00000000164b3000 Exception <a 'java/lang/ArrayIndexOutOfBoundsException': 18> (0x00000000ecaec070) thrown at [D:\re\workspace\8-2-build-windows-amd64-cygwin\jdk8\2238\hotspot\src\share\vm\interpreter\interpreterRuntime.cpp, line 337]
Event: 11.034 Thread 0x00000000164b3000 Exception <a 'java/lang/ArrayIndexOutOfBoundsException'> (0x00000000ecaedb08) thrown at [D:\re\workspace\8-2-build-windows-amd64-cygwin\jdk8\2238\hotspot\src\share\vm\runtime\sharedRuntime.cpp, line 595]
Event: 11.035 Thread 0x00000000164b3000 Exception <a 'java/lang/ArrayIndexOutOfBoundsException'> (0x00000000ecaeed20) thrown at [D:\re\workspace\8-2-build-windows-amd64-cygwin\jdk8\2238\hotspot\src\share\vm\runtime\sharedRuntime.cpp, line 595]
Event: 14.142 Thread 0x0000000001f90800 Exception <a 'java/security/PrivilegedActionException'> (0x00000000eb0af518) thrown at [D:\re\workspace\8-2-build-windows-amd64-cygwin\jdk8\2238\hotspot\src\share\vm\prims\jvm.cpp, line 1248]

Events (10 events):
Event: 17.545 Thread 0x0000000016457800 DEOPT UNPACKING pc=0x00000000020d55af sp=0x0000000016ebe9e8 mode 2
Event: 17.545 Thread 0x0000000016457800 Uncommon trap: trap_request=0xffffffc6 fr.pc=0x000000000296aeec
Event: 17.545 Thread 0x0000000016457800 DEOPT PACKING pc=0x000000000296aeec sp=0x0000000016ebea30
Event: 17.545 Thread 0x0000000016457800 DEOPT UNPACKING pc=0x00000000020d55af sp=0x0000000016ebe9e8 mode 2
Event: 17.545 Thread 0x0000000016457800 Uncommon trap: trap_request=0xffffffc6 fr.pc=0x000000000296ae68
Event: 17.545 Thread 0x0000000016457800 DEOPT PACKING pc=0x000000000296ae68 sp=0x0000000016ebeb10
Event: 17.545 Thread 0x0000000016457800 DEOPT UNPACKING pc=0x00000000020d55af sp=0x0000000016ebeac8 mode 2
Event: 17.555 Thread 0x0000000001f90800 Uncommon trap: trap_request=0xffffffad fr.pc=0x0000000002a482ec
Event: 17.555 Thread 0x0000000001f90800 DEOPT PACKING pc=0x0000000002a482ec sp=0x0000000001ece840
Event: 17.555 Thread 0x0000000001f90800 DEOPT UNPACKING pc=0x00000000020d55af sp=0x0000000001ece7e8 mode 2


Dynamic libraries:
0x00007ff664480000 - 0x00007ff6644b4000 	C:\Program Files\Java\jdk1.8.0\bin\java.exe
0x00007ffc63630000 - 0x00007ffc637dd000 	C:\Windows\SYSTEM32\ntdll.dll
0x00007ffc62f40000 - 0x00007ffc6307e000 	C:\Windows\system32\KERNEL32.DLL
0x00007ffc60910000 - 0x00007ffc60a25000 	C:\Windows\system32\KERNELBASE.dll
0x00007ffc5f300000 - 0x00007ffc5f38e000 	C:\Windows\system32\apphelp.dll
0x00007ffc56e70000 - 0x00007ffc56ec3000 	C:\Windows\AppPatch\AppPatch64\AcGenral.DLL
0x00007ffc62ad0000 - 0x00007ffc62b7a000 	C:\Windows\system32\msvcrt.dll
0x00007ffc608e0000 - 0x00007ffc6090e000 	C:\Windows\system32\SspiCli.dll
0x00007ffc63180000 - 0x00007ffc631d4000 	C:\Windows\system32\SHLWAPI.dll
0x00007ffc62dc0000 - 0x00007ffc62f37000 	C:\Windows\system32\USER32.dll
0x00007ffc62920000 - 0x00007ffc62ab4000 	C:\Windows\system32\ole32.dll
0x00007ffc610b0000 - 0x00007ffc625da000 	C:\Windows\system32\SHELL32.dll
0x00007ffc5fd50000 - 0x00007ffc5fd71000 	C:\Windows\SYSTEM32\USERENV.dll
0x00007ffc630c0000 - 0x00007ffc6316a000 	C:\Windows\system32\ADVAPI32.dll
0x00007ffc50950000 - 0x00007ffc5096e000 	C:\Windows\SYSTEM32\MPR.dll
0x00007ffc631e0000 - 0x00007ffc63320000 	C:\Windows\system32\RPCRT4.dll
0x00007ffc62ba0000 - 0x00007ffc62bf9000 	C:\Windows\SYSTEM32\sechost.dll
0x00007ffc63380000 - 0x00007ffc63591000 	C:\Windows\SYSTEM32\combase.dll
0x00007ffc60d80000 - 0x00007ffc60ecf000 	C:\Windows\system32\GDI32.dll
0x00007ffc60760000 - 0x00007ffc60775000 	C:\Windows\SYSTEM32\profapi.dll
0x00007ffc5ed00000 - 0x00007ffc5edb2000 	C:\Windows\SYSTEM32\SHCORE.dll
0x00007ffc63080000 - 0x00007ffc630b6000 	C:\Windows\system32\IMM32.DLL
0x00007ffc62c60000 - 0x00007ffc62db2000 	C:\Windows\system32\MSCTF.dll
0x00007ffc60710000 - 0x00007ffc60742000 	C:\Windows\system32\nvinitx.dll
0x00007ffc5e760000 - 0x00007ffc5e9db000 	C:\Windows\WinSxS\amd64_microsoft.windows.common-controls_6595b64144ccf1df_6.0.9600.18006_none_623f33d3ecbe86e8\COMCTL32.dll
0x000000006d620000 - 0x000000006d6f2000 	C:\Program Files\Java\jdk1.8.0\jre\bin\msvcr100.dll
0x000000006d8a0000 - 0x000000006e0ca000 	C:\Program Files\Java\jdk1.8.0\jre\bin\server\jvm.dll
0x00007ffc56660000 - 0x00007ffc56669000 	C:\Windows\SYSTEM32\WSOCK32.dll
0x00007ffc5de70000 - 0x00007ffc5de92000 	C:\Windows\SYSTEM32\WINMM.dll
0x00007ffc63610000 - 0x00007ffc63617000 	C:\Windows\system32\PSAPI.DLL
0x00007ffc62c00000 - 0x00007ffc62c5a000 	C:\Windows\system32\WS2_32.dll
0x00007ffc5dd50000 - 0x00007ffc5dd7a000 	C:\Windows\SYSTEM32\WINMMBASE.dll
0x00007ffc63620000 - 0x00007ffc63629000 	C:\Windows\system32\NSI.dll
0x00007ffc60a30000 - 0x00007ffc60a7f000 	C:\Windows\SYSTEM32\cfgmgr32.dll
0x00007ffc5f550000 - 0x00007ffc5f578000 	C:\Windows\SYSTEM32\DEVOBJ.dll
0x000000006ebb0000 - 0x000000006ebbf000 	C:\Program Files\Java\jdk1.8.0\jre\bin\verify.dll
0x000000006eb80000 - 0x000000006eba8000 	C:\Program Files\Java\jdk1.8.0\jre\bin\java.dll
0x000000006eb60000 - 0x000000006eb76000 	C:\Program Files\Java\jdk1.8.0\jre\bin\zip.dll

VM Arguments:
jvm_args: -Djava.awt.headless=true -Xmx1024M -Dfile.encoding=windows-1252 -Duser.country=US -Duser.language=en -Duser.variant 
java_command: com.android.dx.command.Main --dex --num-threads=4 --output D:\Computer_Science_with_Android_offline\HangMan-master\app\build\intermediates\pre-dexed\debug\com.android.support-support-v4-23.3.0_5395add72e19a183e2542cbec73e89cff280b756.jar D:\Computer_Science_with_Android_offline\HangMan-master\app\build\intermediates\exploded-aar\com.android.support\support-v4\23.3.0\jars\classes.jar
java_class_path (initial): C:\Users\User\AppData\Local\Android\sdk1\build-tools\23.0.3\lib\dx.jar
Launcher Type: SUN_STANDARD

Environment Variables:
JAVA_HOME=C:\Program Files\Java\jdk1.8.0
PATH=C:\Program Files (x86)\NVIDIA Corporation\PhysX\Common;C:\Windows\system32;C:\Windows;C:\Windows\System32\Wbem;C:\Windows\System32\WindowsPowerShell\v1.0\;C:\Program Files\Intel\WiFi\bin\;C:\Program Files\Common Files\Intel\WirelessCommon\;C:\Program Files (x86)\Skype\Phone\;C:\Program Files (x86)\Windows Live\Shared; C:\Program Files\Java\jdk1.8.0\bin;.;;.;
USERNAME=User
OS=Windows_NT
PROCESSOR_IDENTIFIER=Intel64 Family 6 Model 69 Stepping 1, GenuineIntel



---------------  S Y S T E M  ---------------

OS: Windows 8.1 , 64 bit Build 9600 

CPU:total 4 (2 cores per cpu, 2 threads per core) family 6 model 69 stepping 1, cmov, cx8, fxsr, mmx, sse, sse2, sse3, ssse3, sse4.1, sse4.2, popcnt, avx, avx2, aes, clmul, erms, ht, tsc, tscinvbit

Memory: 4k page, physical 8287332k(1074704k free), swap 11433060k(5112k free)

vm_info: Java HotSpot(TM) 64-Bit Server VM (25.0-b70) for windows-amd64 JRE (1.8.0-b132), built on Mar  4 2014 03:46:18 by "java_re" with MS VC++ 10.0 (VS2010)

time: Wed Jun 22 01:26:20 2016
elapsed time: 17 seconds

