#
# There is insufficient memory for the Java Runtime Environment to continue.
# Native memory allocation (malloc) failed to allocate 262160 bytes for Chunk::new
# Possible reasons:
#   The system is out of physical RAM or swap space
#   In 32 bit mode, the process size limit was hit
# Possible solutions:
#   Reduce memory load on the system
#   Increase physical memory or swap space
#   Check if swap backing store is full
#   Use 64 bit Java on a 64 bit OS
#   Decrease Java heap size (-Xmx/-Xms)
#   Decrease number of Java threads
#   Decrease Java thread stack sizes (-Xss)
#   Set larger code cache with -XX:ReservedCodeCacheSize=
# This output file may be truncated or incomplete.
#
#  Out of Memory Error (allocation.cpp:388), pid=6064, tid=3520
#
# JRE version: Java(TM) SE Runtime Environment (8.0-b132) (build 1.8.0-b132)
# Java VM: Java HotSpot(TM) 64-Bit Server VM (25.0-b70 mixed mode windows-amd64 compressed oops)
# Failed to write core dump. Minidumps are not enabled by default on client versions of Windows
#

---------------  T H R E A D  ---------------

Current thread (0x0000000014f5e800):  JavaThread "C2 CompilerThread1" daemon [_thread_in_native, id=3520, stack(0x0000000016560000,0x0000000016660000)]

Stack: [0x0000000016560000,0x0000000016660000]
Native frames: (J=compiled Java code, j=interpreted, Vv=VM code, C=native code)
V  [jvm.dll+0x308e0a]
V  [jvm.dll+0x25df11]
V  [jvm.dll+0x25eb2f]
V  [jvm.dll+0x256505]
V  [jvm.dll+0xbcff5]
V  [jvm.dll+0xbd48c]
V  [jvm.dll+0xbd734]
V  [jvm.dll+0x4bea90]
V  [jvm.dll+0x4911f8]
V  [jvm.dll+0x49e0bf]
V  [jvm.dll+0x4a0328]
V  [jvm.dll+0x4a042b]
V  [jvm.dll+0x4a0477]
V  [jvm.dll+0x48e723]
V  [jvm.dll+0x4425f0]
V  [jvm.dll+0x44368b]
V  [jvm.dll+0x427552]
V  [jvm.dll+0x96732]
V  [jvm.dll+0x96f23]
V  [jvm.dll+0x2232e4]
V  [jvm.dll+0x27baea]
C  [msvcr100.dll+0x21d9f]
C  [msvcr100.dll+0x21e3b]
C  [KERNEL32.DLL+0x13d2]
C  [ntdll.dll+0x154e4]


Current CompileTask:
C2:  11622 1820       4       com.android.dx.rop.code.Rops::ropFor (771 bytes)


---------------  P R O C E S S  ---------------

Java Threads: ( => current thread )
  0x0000000014f6d800 JavaThread "Service Thread" daemon [_thread_blocked, id=5236, stack(0x0000000016b60000,0x0000000016c60000)]
  0x0000000014f60000 JavaThread "C1 CompilerThread2" daemon [_thread_blocked, id=6016, stack(0x0000000016660000,0x0000000016760000)]
=>0x0000000014f5e800 JavaThread "C2 CompilerThread1" daemon [_thread_in_native, id=3520, stack(0x0000000016560000,0x0000000016660000)]
  0x0000000014f08000 JavaThread "C2 CompilerThread0" daemon [_thread_blocked, id=6484, stack(0x0000000016460000,0x0000000016560000)]
  0x0000000014f15000 JavaThread "Attach Listener" daemon [_thread_blocked, id=3268, stack(0x0000000016360000,0x0000000016460000)]
  0x0000000014f14000 JavaThread "Signal Dispatcher" daemon [_thread_blocked, id=4092, stack(0x0000000016260000,0x0000000016360000)]
  0x0000000002833800 JavaThread "Finalizer" daemon [_thread_blocked, id=6240, stack(0x0000000016160000,0x0000000016260000)]
  0x0000000002829800 JavaThread "Reference Handler" daemon [_thread_blocked, id=664, stack(0x0000000016060000,0x0000000016160000)]
  0x0000000002740800 JavaThread "main" [_thread_in_Java, id=1208, stack(0x0000000002630000,0x0000000002730000)]

Other Threads:
  0x0000000014ed5800 VMThread [stack: 0x0000000015f60000,0x0000000016060000] [id=4364]
  0x0000000016766000 WatcherThread [stack: 0x0000000016c60000,0x0000000016d60000] [id=2460]

VM state:not at safepoint (normal execution)

VM Mutex/Monitor currently owned by a thread: None

Heap:
 PSYoungGen      total 83456K, used 24095K [0x00000000eab00000, 0x00000000f0a80000, 0x0000000100000000)
  eden space 72192K, 22% used [0x00000000eab00000,0x00000000ebb00748,0x00000000ef180000)
  from space 11264K, 68% used [0x00000000efd80000,0x00000000f0507548,0x00000000f0880000)
  to   space 12288K, 0% used [0x00000000ef180000,0x00000000ef180000,0x00000000efd80000)
 ParOldGen       total 129536K, used 39241K [0x00000000c0000000, 0x00000000c7e80000, 0x00000000eab00000)
  object space 129536K, 30% used [0x00000000c0000000,0x00000000c26527c0,0x00000000c7e80000)
 Metaspace       used 6206K, capacity 7128K, committed 7424K, reserved 1056768K
  class space    used 618K, capacity 656K, committed 768K, reserved 1048576K

Card table byte_map: [0x0000000011c00000,0x0000000011e10000] byte_map_base: 0x0000000011600000

Marking Bits: (ParMarkBitMap*) 0x000000006e0513b0
 Begin Bits: [0x0000000012370000, 0x0000000013370000)
 End Bits:   [0x0000000013370000, 0x0000000014370000)

Polling page: 0x0000000000e40000

CodeCache: size=245760Kb used=8569Kb max_used=8581Kb free=237190Kb
 bounds [0x0000000002840000, 0x00000000030b0000, 0x0000000011840000]
 total_blobs=2254 nmethods=1989 adapters=178
 compilation: enabled

Compilation events (10 events):
Event: 11.491 Thread 0x0000000014f08000 1785       4       com.android.dx.util.BitIntSet::merge (148 bytes)
Event: 11.500 Thread 0x0000000014f08000 nmethod 1785 0x0000000003096e90 code [0x0000000003096fe0, 0x00000000030972d8]
Event: 11.500 Thread 0x0000000014f08000 2043   !   4       com.android.dx.rop.cst.CstType::intern (48 bytes)
Event: 11.527 Thread 0x0000000014f08000 nmethod 2043 0x00000000030a7650 code [0x00000000030a7800, 0x00000000030a80a8]
Event: 11.527 Thread 0x0000000014f08000 1864       4       com.android.dx.ssa.LocalVariableInfo::mutableCopyOfStarts (29 bytes)
Event: 11.546 Thread 0x0000000014f08000 nmethod 1864 0x00000000030a8710 code [0x00000000030a88a0, 0x00000000030a8f58]
Event: 11.547 Thread 0x0000000014f08000 2044       4       com.android.dx.dex.file.OffsettedItem::<init> (44 bytes)
Event: 11.548 Thread 0x0000000014f08000 nmethod 2044 0x000000000306b5d0 code [0x000000000306b700, 0x000000000306b7b8]
Event: 11.548 Thread 0x0000000014f08000 2045       4       com.android.dx.rop.cst.CstType::equals (29 bytes)
Event: 11.549 Thread 0x0000000014f08000 nmethod 2045 0x0000000002df5b10 code [0x0000000002df5c40, 0x0000000002df5cd8]

GC Heap History (10 events):
Event: 8.253 GC heap before
{Heap before GC invocations=18 (full 0):
 PSYoungGen      total 31232K, used 31232K [0x00000000eab00000, 0x00000000edb00000, 0x0000000100000000)
  eden space 27648K, 100% used [0x00000000eab00000,0x00000000ec600000,0x00000000ec600000)
  from space 3584K, 100% used [0x00000000ec600000,0x00000000ec980000,0x00000000ec980000)
  to   space 5120K, 0% used [0x00000000ed600000,0x00000000ed600000,0x00000000edb00000)
 ParOldGen       total 129536K, used 14089K [0x00000000c0000000, 0x00000000c7e80000, 0x00000000eab00000)
  object space 129536K, 10% used [0x00000000c0000000,0x00000000c0dc26d0,0x00000000c7e80000)
 Metaspace       used 5968K, capacity 6960K, committed 7040K, reserved 1056768K
  class space    used 593K, capacity 616K, committed 640K, reserved 1048576K
Event: 8.287 GC heap after
Heap after GC invocations=18 (full 0):
 PSYoungGen      total 43008K, used 4620K [0x00000000eab00000, 0x00000000edd00000, 0x0000000100000000)
  eden space 37888K, 0% used [0x00000000eab00000,0x00000000eab00000,0x00000000ed000000)
  from space 5120K, 90% used [0x00000000ed600000,0x00000000eda830f0,0x00000000edb00000)
  to   space 6144K, 0% used [0x00000000ed000000,0x00000000ed000000,0x00000000ed600000)
 ParOldGen       total 129536K, used 17507K [0x00000000c0000000, 0x00000000c7e80000, 0x00000000eab00000)
  object space 129536K, 13% used [0x00000000c0000000,0x00000000c1118f30,0x00000000c7e80000)
 Metaspace       used 5968K, capacity 6960K, committed 7040K, reserved 1056768K
  class space    used 593K, capacity 616K, committed 640K, reserved 1048576K
}
Event: 9.083 GC heap before
{Heap before GC invocations=19 (full 0):
 PSYoungGen      total 43008K, used 42508K [0x00000000eab00000, 0x00000000edd00000, 0x0000000100000000)
  eden space 37888K, 100% used [0x00000000eab00000,0x00000000ed000000,0x00000000ed000000)
  from space 5120K, 90% used [0x00000000ed600000,0x00000000eda830f0,0x00000000edb00000)
  to   space 6144K, 0% used [0x00000000ed000000,0x00000000ed000000,0x00000000ed600000)
 ParOldGen       total 129536K, used 17507K [0x00000000c0000000, 0x00000000c7e80000, 0x00000000eab00000)
  object space 129536K, 13% used [0x00000000c0000000,0x00000000c1118f30,0x00000000c7e80000)
 Metaspace       used 6068K, capacity 7000K, committed 7168K, reserved 1056768K
  class space    used 613K, capacity 656K, committed 768K, reserved 1048576K
Event: 9.119 GC heap after
Heap after GC invocations=19 (full 0):
 PSYoungGen      total 44032K, used 5175K [0x00000000eab00000, 0x00000000eec00000, 0x0000000100000000)
  eden space 37888K, 0% used [0x00000000eab00000,0x00000000eab00000,0x00000000ed000000)
  from space 6144K, 84% used [0x00000000ed000000,0x00000000ed50dd60,0x00000000ed600000)
  to   space 6656K, 0% used [0x00000000ee580000,0x00000000ee580000,0x00000000eec00000)
 ParOldGen       total 129536K, used 21661K [0x00000000c0000000, 0x00000000c7e80000, 0x00000000eab00000)
  object space 129536K, 16% used [0x00000000c0000000,0x00000000c1527508,0x00000000c7e80000)
 Metaspace       used 6068K, capacity 7000K, committed 7168K, reserved 1056768K
  class space    used 613K, capacity 656K, committed 768K, reserved 1048576K
}
Event: 9.712 GC heap before
{Heap before GC invocations=20 (full 0):
 PSYoungGen      total 44032K, used 43063K [0x00000000eab00000, 0x00000000eec00000, 0x0000000100000000)
  eden space 37888K, 100% used [0x00000000eab00000,0x00000000ed000000,0x00000000ed000000)
  from space 6144K, 84% used [0x00000000ed000000,0x00000000ed50dd60,0x00000000ed600000)
  to   space 6656K, 0% used [0x00000000ee580000,0x00000000ee580000,0x00000000eec00000)
 ParOldGen       total 129536K, used 21661K [0x00000000c0000000, 0x00000000c7e80000, 0x00000000eab00000)
  object space 129536K, 16% used [0x00000000c0000000,0x00000000c1527508,0x00000000c7e80000)
 Metaspace       used 6081K, capacity 7000K, committed 7168K, reserved 1056768K
  class space    used 613K, capacity 656K, committed 768K, reserved 1048576K
Event: 9.770 GC heap after
Heap after GC invocations=20 (full 0):
 PSYoungGen      total 58880K, used 5963K [0x00000000eab00000, 0x00000000eee00000, 0x0000000100000000)
  eden space 52224K, 0% used [0x00000000eab00000,0x00000000eab00000,0x00000000ede00000)
  from space 6656K, 89% used [0x00000000ee580000,0x00000000eeb52d80,0x00000000eec00000)
  to   space 7680K, 0% used [0x00000000ede00000,0x00000000ede00000,0x00000000ee580000)
 ParOldGen       total 129536K, used 26391K [0x00000000c0000000, 0x00000000c7e80000, 0x00000000eab00000)
  object space 129536K, 20% used [0x00000000c0000000,0x00000000c19c5c58,0x00000000c7e80000)
 Metaspace       used 6081K, capacity 7000K, committed 7168K, reserved 1056768K
  class space    used 613K, capacity 656K, committed 768K, reserved 1048576K
}
Event: 10.167 GC heap before
{Heap before GC invocations=21 (full 0):
 PSYoungGen      total 58880K, used 58187K [0x00000000eab00000, 0x00000000eee00000, 0x0000000100000000)
  eden space 52224K, 100% used [0x00000000eab00000,0x00000000ede00000,0x00000000ede00000)
  from space 6656K, 89% used [0x00000000ee580000,0x00000000eeb52d80,0x00000000eec00000)
  to   space 7680K, 0% used [0x00000000ede00000,0x00000000ede00000,0x00000000ee580000)
 ParOldGen       total 129536K, used 26391K [0x00000000c0000000, 0x00000000c7e80000, 0x00000000eab00000)
  object space 129536K, 20% used [0x00000000c0000000,0x00000000c19c5c58,0x00000000c7e80000)
 Metaspace       used 6111K, capacity 7064K, committed 7424K, reserved 1056768K
  class space    used 613K, capacity 656K, committed 768K, reserved 1048576K
Event: 10.231 GC heap after
Heap after GC invocations=21 (full 0):
 PSYoungGen      total 59904K, used 7650K [0x00000000eab00000, 0x00000000f0880000, 0x0000000100000000)
  eden space 52224K, 0% used [0x00000000eab00000,0x00000000eab00000,0x00000000ede00000)
  from space 7680K, 99% used [0x00000000ede00000,0x00000000ee578808,0x00000000ee580000)
  to   space 11264K, 0% used [0x00000000efd80000,0x00000000efd80000,0x00000000f0880000)
 ParOldGen       total 129536K, used 33010K [0x00000000c0000000, 0x00000000c7e80000, 0x00000000eab00000)
  object space 129536K, 25% used [0x00000000c0000000,0x00000000c203cbc8,0x00000000c7e80000)
 Metaspace       used 6111K, capacity 7064K, committed 7424K, reserved 1056768K
  class space    used 613K, capacity 656K, committed 768K, reserved 1048576K
}
Event: 10.657 GC heap before
{Heap before GC invocations=22 (full 0):
 PSYoungGen      total 59904K, used 59874K [0x00000000eab00000, 0x00000000f0880000, 0x0000000100000000)
  eden space 52224K, 100% used [0x00000000eab00000,0x00000000ede00000,0x00000000ede00000)
  from space 7680K, 99% used [0x00000000ede00000,0x00000000ee578808,0x00000000ee580000)
  to   space 11264K, 0% used [0x00000000efd80000,0x00000000efd80000,0x00000000f0880000)
 ParOldGen       total 129536K, used 33010K [0x00000000c0000000, 0x00000000c7e80000, 0x00000000eab00000)
  object space 129536K, 25% used [0x00000000c0000000,0x00000000c203cbc8,0x00000000c7e80000)
 Metaspace       used 6132K, capacity 7064K, committed 7424K, reserved 1056768K
  class space    used 614K, capacity 656K, committed 768K, reserved 1048576K
Event: 10.729 GC heap after
Heap after GC invocations=22 (full 0):
 PSYoungGen      total 83456K, used 7709K [0x00000000eab00000, 0x00000000f0a80000, 0x0000000100000000)
  eden space 72192K, 0% used [0x00000000eab00000,0x00000000eab00000,0x00000000ef180000)
  from space 11264K, 68% used [0x00000000efd80000,0x00000000f0507548,0x00000000f0880000)
  to   space 12288K, 0% used [0x00000000ef180000,0x00000000ef180000,0x00000000efd80000)
 ParOldGen       total 129536K, used 39241K [0x00000000c0000000, 0x00000000c7e80000, 0x00000000eab00000)
  object space 129536K, 30% used [0x00000000c0000000,0x00000000c26527c0,0x00000000c7e80000)
 Metaspace       used 6132K, capacity 7064K, committed 7424K, reserved 1056768K
  class space    used 614K, capacity 656K, committed 768K, reserved 1048576K
}

Deoptimization events (10 events):
Event: 9.515 Thread 0x0000000002740800 Uncommon trap: reason=bimorphic action=maybe_recompile pc=0x0000000002f695bc method=com.android.dx.cf.code.BytecodeArray.parseInstruction(ILcom/android/dx/cf/code/BytecodeArray$Visitor;)I @ 1130
Event: 9.784 Thread 0x0000000016a23000 Uncommon trap: reason=unreached action=reinterpret pc=0x0000000002dd4e0c method=com.android.dx.ssa.MoveParamCombiner$1.visitNonMoveInsn(Lcom/android/dx/ssa/NormalSsaInsn;)V @ 27
Event: 9.786 Thread 0x0000000016a26800 Uncommon trap: reason=unreached action=reinterpret pc=0x0000000002f7bdd0 method=com.android.dx.rop.code.RegisterSpec.intersect(Lcom/android/dx/rop/code/RegisterSpec;Z)Lcom/android/dx/rop/code/RegisterSpec; @ 59
Event: 9.808 Thread 0x0000000016a26000 Uncommon trap: reason=class_check action=maybe_recompile pc=0x0000000002f8bfb4 method=com.android.dx.cf.code.RopperMachine.run(Lcom/android/dx/cf/code/Frame;II)V @ 1024
Event: 9.998 Thread 0x0000000016a26000 Uncommon trap: reason=unreached action=reinterpret pc=0x0000000002f2e10c method=java.util.HashMap.resize()[Ljava/util/HashMap$Node; @ 206
Event: 10.997 Thread 0x0000000002740800 Uncommon trap: reason=class_check action=maybe_recompile pc=0x0000000002cf5ba4 method=java.util.Arrays.hashCode([Ljava/lang/Object;)I @ 43
Event: 10.997 Thread 0x0000000002740800 Uncommon trap: reason=class_check action=maybe_recompile pc=0x0000000002cf5ba4 method=java.util.Arrays.hashCode([Ljava/lang/Object;)I @ 43
Event: 10.997 Thread 0x0000000002740800 Uncommon trap: reason=class_check action=maybe_recompile pc=0x0000000002cf5ba4 method=java.util.Arrays.hashCode([Ljava/lang/Object;)I @ 43
Event: 10.997 Thread 0x0000000002740800 Uncommon trap: reason=class_check action=maybe_recompile pc=0x0000000002cf5ba4 method=java.util.Arrays.hashCode([Ljava/lang/Object;)I @ 43
Event: 10.997 Thread 0x0000000002740800 Uncommon trap: reason=class_check action=maybe_recompile pc=0x0000000002cf4cc8 method=java.util.Arrays.hashCode([Ljava/lang/Object;)I @ 43

Internal exceptions (10 events):
Event: 2.930 Thread 0x0000000016a26000 Exception <a 'java/security/PrivilegedActionException'> (0x00000000eac48a48) thrown at [D:\re\workspace\8-2-build-windows-amd64-cygwin\jdk8\2238\hotspot\src\share\vm\prims\jvm.cpp, line 1248]
Event: 4.011 Thread 0x0000000016a26000 Exception <a 'java/security/PrivilegedActionException'> (0x00000000eaccc1f8) thrown at [D:\re\workspace\8-2-build-windows-amd64-cygwin\jdk8\2238\hotspot\src\share\vm\prims\jvm.cpp, line 1248]
Event: 4.020 Thread 0x0000000016a26000 Exception <a 'java/security/PrivilegedActionException'> (0x00000000eacdd250) thrown at [D:\re\workspace\8-2-build-windows-amd64-cygwin\jdk8\2238\hotspot\src\share\vm\prims\jvm.cpp, line 1248]
Event: 6.347 Thread 0x0000000002740800 Exception <a 'java/security/PrivilegedActionException'> (0x00000000eb0bfa70) thrown at [D:\re\workspace\8-2-build-windows-amd64-cygwin\jdk8\2238\hotspot\src\share\vm\prims\jvm.cpp, line 1248]
Event: 7.969 Thread 0x0000000016a34800 Exception <a 'java/security/PrivilegedActionException'> (0x00000000eac419c0) thrown at [D:\re\workspace\8-2-build-windows-amd64-cygwin\jdk8\2238\hotspot\src\share\vm\prims\jvm.cpp, line 1248]
Event: 8.584 Thread 0x0000000002740800 Exception <a 'java/lang/ArrayIndexOutOfBoundsException': 18> (0x00000000ec2ab7f0) thrown at [D:\re\workspace\8-2-build-windows-amd64-cygwin\jdk8\2238\hotspot\src\share\vm\interpreter\interpreterRuntime.cpp, line 337]
Event: 8.584 Thread 0x0000000002740800 Exception <a 'java/lang/ArrayIndexOutOfBoundsException': 145> (0x00000000ec2ad288) thrown at [D:\re\workspace\8-2-build-windows-amd64-cygwin\jdk8\2238\hotspot\src\share\vm\interpreter\interpreterRuntime.cpp, line 337]
Event: 8.696 Thread 0x0000000002740800 Exception <a 'java/lang/ArrayIndexOutOfBoundsException'> (0x00000000ecbf44c0) thrown at [D:\re\workspace\8-2-build-windows-amd64-cygwin\jdk8\2238\hotspot\src\share\vm\runtime\sharedRuntime.cpp, line 595]
Event: 11.000 Thread 0x0000000002740800 Exception <a 'java/security/PrivilegedActionException'> (0x00000000eb84a9a8) thrown at [D:\re\workspace\8-2-build-windows-amd64-cygwin\jdk8\2238\hotspot\src\share\vm\prims\jvm.cpp, line 1248]
Event: 11.095 Thread 0x0000000002740800 Exception <a 'java/security/PrivilegedActionException'> (0x00000000eb8aaba8) thrown at [D:\re\workspace\8-2-build-windows-amd64-cygwin\jdk8\2238\hotspot\src\share\vm\prims\jvm.cpp, line 1248]

Events (10 events):
Event: 11.118 Thread 0x0000000002740800 DEOPT PACKING pc=0x0000000003064014 sp=0x000000000272ee80
Event: 11.118 Thread 0x0000000002740800 DEOPT UNPACKING pc=0x0000000002887604 sp=0x000000000272ec10 mode 0
Event: 11.270 Thread 0x0000000002740800 DEOPT PACKING pc=0x000000000306c508 sp=0x000000000272ef40
Event: 11.270 Thread 0x0000000002740800 DEOPT UNPACKING pc=0x0000000002887604 sp=0x000000000272ecc0 mode 0
Event: 11.450 Thread 0x0000000002740800 DEOPT PACKING pc=0x000000000306e9a3 sp=0x000000000272ee80
Event: 11.450 Thread 0x0000000002740800 DEOPT UNPACKING pc=0x0000000002887604 sp=0x000000000272ec10 mode 0
Event: 11.465 Thread 0x0000000002740800 DEOPT PACKING pc=0x000000000306e9a3 sp=0x000000000272ee80
Event: 11.465 Thread 0x0000000002740800 DEOPT UNPACKING pc=0x0000000002887604 sp=0x000000000272ec10 mode 0
Event: 11.477 Thread 0x0000000002740800 DEOPT PACKING pc=0x000000000306e9a3 sp=0x000000000272ee80
Event: 11.477 Thread 0x0000000002740800 DEOPT UNPACKING pc=0x0000000002887604 sp=0x000000000272ec10 mode 0


Dynamic libraries:
0x00007ff664480000 - 0x00007ff6644b4000 	C:\Program Files\Java\jdk1.8.0\bin\java.exe
0x00007ffc63630000 - 0x00007ffc637dd000 	C:\Windows\SYSTEM32\ntdll.dll
0x00007ffc62f40000 - 0x00007ffc6307e000 	C:\Windows\system32\KERNEL32.DLL
0x00007ffc60910000 - 0x00007ffc60a25000 	C:\Windows\system32\KERNELBASE.dll
0x00007ffc5f300000 - 0x00007ffc5f38e000 	C:\Windows\system32\apphelp.dll
0x00007ffc56e70000 - 0x00007ffc56ec3000 	C:\Windows\AppPatch\AppPatch64\AcGenral.DLL
0x00007ffc62ad0000 - 0x00007ffc62b7a000 	C:\Windows\system32\msvcrt.dll
0x00007ffc608e0000 - 0x00007ffc6090e000 	C:\Windows\system32\SspiCli.dll
0x00007ffc63180000 - 0x00007ffc631d4000 	C:\Windows\system32\SHLWAPI.dll
0x00007ffc62dc0000 - 0x00007ffc62f37000 	C:\Windows\system32\USER32.dll
0x00007ffc62920000 - 0x00007ffc62ab4000 	C:\Windows\system32\ole32.dll
0x00007ffc610b0000 - 0x00007ffc625da000 	C:\Windows\system32\SHELL32.dll
0x00007ffc5fd50000 - 0x00007ffc5fd71000 	C:\Windows\SYSTEM32\USERENV.dll
0x00007ffc630c0000 - 0x00007ffc6316a000 	C:\Windows\system32\ADVAPI32.dll
0x00007ffc50950000 - 0x00007ffc5096e000 	C:\Windows\SYSTEM32\MPR.dll
0x00007ffc631e0000 - 0x00007ffc63320000 	C:\Windows\system32\RPCRT4.dll
0x00007ffc62ba0000 - 0x00007ffc62bf9000 	C:\Windows\SYSTEM32\sechost.dll
0x00007ffc63380000 - 0x00007ffc63591000 	C:\Windows\SYSTEM32\combase.dll
0x00007ffc60d80000 - 0x00007ffc60ecf000 	C:\Windows\system32\GDI32.dll
0x00007ffc60760000 - 0x00007ffc60775000 	C:\Windows\SYSTEM32\profapi.dll
0x00007ffc5ed00000 - 0x00007ffc5edb2000 	C:\Windows\SYSTEM32\SHCORE.dll
0x00007ffc63080000 - 0x00007ffc630b6000 	C:\Windows\system32\IMM32.DLL
0x00007ffc62c60000 - 0x00007ffc62db2000 	C:\Windows\system32\MSCTF.dll
0x00007ffc60710000 - 0x00007ffc60742000 	C:\Windows\system32\nvinitx.dll
0x00007ffc5e760000 - 0x00007ffc5e9db000 	C:\Windows\WinSxS\amd64_microsoft.windows.common-controls_6595b64144ccf1df_6.0.9600.18006_none_623f33d3ecbe86e8\COMCTL32.dll
0x000000006d620000 - 0x000000006d6f2000 	C:\Program Files\Java\jdk1.8.0\jre\bin\msvcr100.dll
0x000000006d8a0000 - 0x000000006e0ca000 	C:\Program Files\Java\jdk1.8.0\jre\bin\server\jvm.dll
0x00007ffc56660000 - 0x00007ffc56669000 	C:\Windows\SYSTEM32\WSOCK32.dll
0x00007ffc5de70000 - 0x00007ffc5de92000 	C:\Windows\SYSTEM32\WINMM.dll
0x00007ffc63610000 - 0x00007ffc63617000 	C:\Windows\system32\PSAPI.DLL
0x00007ffc62c00000 - 0x00007ffc62c5a000 	C:\Windows\system32\WS2_32.dll
0x00007ffc5dd50000 - 0x00007ffc5dd7a000 	C:\Windows\SYSTEM32\WINMMBASE.dll
0x00007ffc63620000 - 0x00007ffc63629000 	C:\Windows\system32\NSI.dll
0x00007ffc60a30000 - 0x00007ffc60a7f000 	C:\Windows\SYSTEM32\cfgmgr32.dll
0x00007ffc5f550000 - 0x00007ffc5f578000 	C:\Windows\SYSTEM32\DEVOBJ.dll
0x000000006ebb0000 - 0x000000006ebbf000 	C:\Program Files\Java\jdk1.8.0\jre\bin\verify.dll
0x000000006eb80000 - 0x000000006eba8000 	C:\Program Files\Java\jdk1.8.0\jre\bin\java.dll
0x000000006eb60000 - 0x000000006eb76000 	C:\Program Files\Java\jdk1.8.0\jre\bin\zip.dll
0x00007ffc52140000 - 0x00007ffc522c9000 	C:\Windows\SYSTEM32\dbghelp.dll

VM Arguments:
jvm_args: -Djava.awt.headless=true -Xmx1024M -Dfile.encoding=windows-1252 -Duser.country=US -Duser.language=en -Duser.variant 
java_command: com.android.dx.command.Main --dex --num-threads=4 --output D:\Computer_Science_with_Android_offline\HangMan-master\app\build\intermediates\pre-dexed\debug\com.android.support-appcompat-v7-23.3.0_632bbefaa8c9b7a03a2feb9566083dccf252fc12.jar D:\Computer_Science_with_Android_offline\HangMan-master\app\build\intermediates\exploded-aar\com.android.support\appcompat-v7\23.3.0\jars\classes.jar
java_class_path (initial): C:\Users\User\AppData\Local\Android\sdk1\build-tools\23.0.3\lib\dx.jar
Launcher Type: SUN_STANDARD

Environment Variables:
JAVA_HOME=C:\Program Files\Java\jdk1.8.0
PATH=C:\Program Files (x86)\NVIDIA Corporation\PhysX\Common;C:\Windows\system32;C:\Windows;C:\Windows\System32\Wbem;C:\Windows\System32\WindowsPowerShell\v1.0\;C:\Program Files\Intel\WiFi\bin\;C:\Program Files\Common Files\Intel\WirelessCommon\;C:\Program Files (x86)\Skype\Phone\;C:\Program Files (x86)\Windows Live\Shared; C:\Program Files\Java\jdk1.8.0\bin;.;;.;
USERNAME=User
OS=Windows_NT
PROCESSOR_IDENTIFIER=Intel64 Family 6 Model 69 Stepping 1, GenuineIntel



---------------  S Y S T E M  ---------------

OS: Windows 8.1 , 64 bit Build 9600 

CPU:total 4 (2 cores per cpu, 2 threads per core) family 6 model 69 stepping 1, cmov, cx8, fxsr, mmx, sse, sse2, sse3, ssse3, sse4.1, sse4.2, popcnt, avx, avx2, aes, clmul, erms, ht, tsc, tscinvbit

Memory: 4k page, physical 8287332k(1129064k free), swap 11433060k(4836k free)

vm_info: Java HotSpot(TM) 64-Bit Server VM (25.0-b70) for windows-amd64 JRE (1.8.0-b132), built on Mar  4 2014 03:46:18 by "java_re" with MS VC++ 10.0 (VS2010)

time: Wed Jun 22 01:23:17 2016
elapsed time: 11 seconds

