#
# There is insufficient memory for the Java Runtime Environment to continue.
# Native memory allocation (malloc) failed to allocate 1481296 bytes for Chunk::new
# Possible reasons:
#   The system is out of physical RAM or swap space
#   In 32 bit mode, the process size limit was hit
# Possible solutions:
#   Reduce memory load on the system
#   Increase physical memory or swap space
#   Check if swap backing store is full
#   Use 64 bit Java on a 64 bit OS
#   Decrease Java heap size (-Xmx/-Xms)
#   Decrease number of Java threads
#   Decrease Java thread stack sizes (-Xss)
#   Set larger code cache with -XX:ReservedCodeCacheSize=
# This output file may be truncated or incomplete.
#
#  Out of Memory Error (allocation.cpp:388), pid=6456, tid=3488
#
# JRE version: Java(TM) SE Runtime Environment (8.0-b132) (build 1.8.0-b132)
# Java VM: Java HotSpot(TM) 64-Bit Server VM (25.0-b70 mixed mode windows-amd64 compressed oops)
# Failed to write core dump. Minidumps are not enabled by default on client versions of Windows
#

---------------  T H R E A D  ---------------

Current thread (0x0000000014629000):  JavaThread "C2 CompilerThread1" daemon [_thread_in_native, id=3488, stack(0x0000000015c90000,0x0000000015d90000)]

Stack: [0x0000000015c90000,0x0000000015d90000]
Native frames: (J=compiled Java code, j=interpreted, Vv=VM code, C=native code)
V  [jvm.dll+0x308e0a]
V  [jvm.dll+0x25df11]
V  [jvm.dll+0x25eb2f]
V  [jvm.dll+0x256505]
V  [jvm.dll+0xbcff5]
V  [jvm.dll+0xbd48c]
V  [jvm.dll+0x44d442]
V  [jvm.dll+0x48e15f]
V  [jvm.dll+0x44230b]
V  [jvm.dll+0x44368b]
V  [jvm.dll+0x427552]
V  [jvm.dll+0x96732]
V  [jvm.dll+0x96f23]
V  [jvm.dll+0x2232e4]
V  [jvm.dll+0x27baea]
C  [msvcr100.dll+0x21d9f]
C  [msvcr100.dll+0x21e3b]
C  [KERNEL32.DLL+0x13d2]
C  [ntdll.dll+0x154e4]


Current CompileTask:
C2:   5274 1317   !   4       com.android.dx.cf.code.BytecodeArray::parseInstruction (2764 bytes)


---------------  P R O C E S S  ---------------

Java Threads: ( => current thread )
  0x0000000016163000 JavaThread "pool-1-thread-4" [_thread_in_Java, id=3952, stack(0x0000000017090000,0x0000000017190000)]
  0x0000000016161800 JavaThread "pool-1-thread-3" [_thread_in_Java, id=5712, stack(0x0000000016f90000,0x0000000017090000)]
  0x0000000016145000 JavaThread "pool-1-thread-2" [_thread_in_Java, id=4388, stack(0x0000000016e90000,0x0000000016f90000)]
  0x00000000161f8800 JavaThread "pool-2-thread-1" [_thread_blocked, id=5692, stack(0x0000000016d90000,0x0000000016e90000)]
  0x00000000161f5800 JavaThread "pool-1-thread-1" [_thread_in_Java, id=5928, stack(0x0000000016c90000,0x0000000016d90000)]
  0x0000000015e92800 JavaThread "Service Thread" daemon [_thread_blocked, id=6472, stack(0x0000000016290000,0x0000000016390000)]
  0x000000001468a000 JavaThread "C1 CompilerThread2" daemon [_thread_blocked, id=4000, stack(0x0000000015d90000,0x0000000015e90000)]
=>0x0000000014629000 JavaThread "C2 CompilerThread1" daemon [_thread_in_native, id=3488, stack(0x0000000015c90000,0x0000000015d90000)]
  0x0000000014627000 JavaThread "C2 CompilerThread0" daemon [_thread_in_native, id=5688, stack(0x0000000015b90000,0x0000000015c90000)]
  0x0000000014635800 JavaThread "Attach Listener" daemon [_thread_blocked, id=3896, stack(0x0000000015a90000,0x0000000015b90000)]
  0x0000000014634000 JavaThread "Signal Dispatcher" daemon [_thread_blocked, id=4248, stack(0x0000000015990000,0x0000000015a90000)]
  0x0000000001f4e000 JavaThread "Finalizer" daemon [_thread_blocked, id=1088, stack(0x0000000015890000,0x0000000015990000)]
  0x0000000001f49800 JavaThread "Reference Handler" daemon [_thread_blocked, id=2612, stack(0x0000000015790000,0x0000000015890000)]
  0x0000000001e60800 JavaThread "main" [_thread_in_Java, id=2456, stack(0x0000000001c90000,0x0000000001d90000)]

Other Threads:
  0x00000000145f5800 VMThread [stack: 0x0000000015690000,0x0000000015790000] [id=4716]
  0x0000000015e95000 WatcherThread [stack: 0x0000000016390000,0x0000000016490000] [id=1472]

VM state:not at safepoint (normal execution)

VM Mutex/Monitor currently owned by a thread: None

Heap:
 PSYoungGen      total 12800K, used 6332K [0x00000000eab00000, 0x00000000ec100000, 0x0000000100000000)
  eden space 10752K, 39% used [0x00000000eab00000,0x00000000eaf31890,0x00000000eb580000)
  from space 2048K, 99% used [0x00000000eb580000,0x00000000eb77d910,0x00000000eb780000)
  to   space 2560K, 0% used [0x00000000ebe80000,0x00000000ebe80000,0x00000000ec100000)
 ParOldGen       total 129536K, used 5451K [0x00000000c0000000, 0x00000000c7e80000, 0x00000000eab00000)
  object space 129536K, 4% used [0x00000000c0000000,0x00000000c0552f90,0x00000000c7e80000)
 Metaspace       used 5820K, capacity 6832K, committed 7040K, reserved 1056768K
  class space    used 590K, capacity 616K, committed 640K, reserved 1048576K

Card table byte_map: [0x0000000011320000,0x0000000011530000] byte_map_base: 0x0000000010d20000

Marking Bits: (ParMarkBitMap*) 0x000000006e0513b0
 Begin Bits: [0x0000000011a90000, 0x0000000012a90000)
 End Bits:   [0x0000000012a90000, 0x0000000013a90000)

Polling page: 0x00000000004b0000

CodeCache: size=245760Kb used=5415Kb max_used=5426Kb free=240344Kb
 bounds [0x0000000001f60000, 0x00000000024c0000, 0x0000000010f60000]
 total_blobs=1635 nmethods=1371 adapters=178
 compilation: enabled

Compilation events (10 events):
Event: 5.107 Thread 0x0000000014629000 nmethod 1269 0x00000000024a7b10 code [0x00000000024a8080, 0x00000000024ab060]
Event: 5.107 Thread 0x0000000014629000 1308   !   4       com.android.dx.rop.code.BasicBlock::<init> (273 bytes)
Event: 5.122 Thread 0x0000000014629000 nmethod 1308 0x00000000024b1290 code [0x00000000024b1400, 0x00000000024b1978]
Event: 5.122 Thread 0x0000000014629000 1339       4       com.android.dx.util.BitIntSet$1::hasNext (13 bytes)
Event: 5.123 Thread 0x0000000014629000 nmethod 1339 0x000000000241fbd0 code [0x000000000241fd00, 0x000000000241fd78]
Event: 5.123 Thread 0x0000000014629000 1326   !   4       com.android.dx.rop.cst.StdConstantPool::get (24 bytes)
Event: 5.124 Thread 0x0000000014629000 nmethod 1326 0x00000000024a4b90 code [0x00000000024a4cc0, 0x00000000024a4d78]
Event: 5.124 Thread 0x0000000014629000 1305       4       java.util.ArrayList$SubList::size (9 bytes)
Event: 5.125 Thread 0x0000000014629000 nmethod 1305 0x00000000024a4910 code [0x00000000024a4a40, 0x00000000024a4ad8]
Event: 5.125 Thread 0x0000000014629000 1317   !   4       com.android.dx.cf.code.BytecodeArray::parseInstruction (2764 bytes)

GC Heap History (10 events):
Event: 2.522 GC heap before
{Heap before GC invocations=9 (full 0):
 PSYoungGen      total 5120K, used 5107K [0x00000000eab00000, 0x00000000eb100000, 0x0000000100000000)
  eden space 4096K, 100% used [0x00000000eab00000,0x00000000eaf00000,0x00000000eaf00000)
  from space 1024K, 98% used [0x00000000eb000000,0x00000000eb0fcdb0,0x00000000eb100000)
  to   space 1024K, 0% used [0x00000000eaf00000,0x00000000eaf00000,0x00000000eb000000)
 ParOldGen       total 129536K, used 890K [0x00000000c0000000, 0x00000000c7e80000, 0x00000000eab00000)
  object space 129536K, 0% used [0x00000000c0000000,0x00000000c00deaa8,0x00000000c7e80000)
 Metaspace       used 5303K, capacity 6384K, committed 6528K, reserved 1056768K
  class space    used 582K, capacity 616K, committed 640K, reserved 1048576K
Event: 3.036 GC heap after
Heap after GC invocations=9 (full 0):
 PSYoungGen      total 5120K, used 999K [0x00000000eab00000, 0x00000000eb480000, 0x0000000100000000)
  eden space 4096K, 0% used [0x00000000eab00000,0x00000000eab00000,0x00000000eaf00000)
  from space 1024K, 97% used [0x00000000eaf00000,0x00000000eaff9c50,0x00000000eb000000)
  to   space 1536K, 0% used [0x00000000eb300000,0x00000000eb300000,0x00000000eb480000)
 ParOldGen       total 129536K, used 1806K [0x00000000c0000000, 0x00000000c7e80000, 0x00000000eab00000)
  object space 129536K, 1% used [0x00000000c0000000,0x00000000c01c3990,0x00000000c7e80000)
 Metaspace       used 5303K, capacity 6384K, committed 6528K, reserved 1056768K
  class space    used 582K, capacity 616K, committed 640K, reserved 1048576K
}
Event: 3.754 GC heap before
{Heap before GC invocations=10 (full 0):
 PSYoungGen      total 5120K, used 5095K [0x00000000eab00000, 0x00000000eb480000, 0x0000000100000000)
  eden space 4096K, 100% used [0x00000000eab00000,0x00000000eaf00000,0x00000000eaf00000)
  from space 1024K, 97% used [0x00000000eaf00000,0x00000000eaff9c50,0x00000000eb000000)
  to   space 1536K, 0% used [0x00000000eb300000,0x00000000eb300000,0x00000000eb480000)
 ParOldGen       total 129536K, used 1806K [0x00000000c0000000, 0x00000000c7e80000, 0x00000000eab00000)
  object space 129536K, 1% used [0x00000000c0000000,0x00000000c01c3990,0x00000000c7e80000)
 Metaspace       used 5581K, capacity 6640K, committed 6784K, reserved 1056768K
  class space    used 585K, capacity 616K, committed 640K, reserved 1048576K
Event: 3.854 GC heap after
Heap after GC invocations=10 (full 0):
 PSYoungGen      total 8192K, used 1088K [0x00000000eab00000, 0x00000000eb480000, 0x0000000100000000)
  eden space 6656K, 0% used [0x00000000eab00000,0x00000000eab00000,0x00000000eb180000)
  from space 1536K, 70% used [0x00000000eb300000,0x00000000eb410000,0x00000000eb480000)
  to   space 1536K, 0% used [0x00000000eb180000,0x00000000eb180000,0x00000000eb300000)
 ParOldGen       total 129536K, used 2306K [0x00000000c0000000, 0x00000000c7e80000, 0x00000000eab00000)
  object space 129536K, 1% used [0x00000000c0000000,0x00000000c0240828,0x00000000c7e80000)
 Metaspace       used 5581K, capacity 6640K, committed 6784K, reserved 1056768K
  class space    used 585K, capacity 616K, committed 640K, reserved 1048576K
}
Event: 4.339 GC heap before
{Heap before GC invocations=11 (full 0):
 PSYoungGen      total 8192K, used 7744K [0x00000000eab00000, 0x00000000eb480000, 0x0000000100000000)
  eden space 6656K, 100% used [0x00000000eab00000,0x00000000eb180000,0x00000000eb180000)
  from space 1536K, 70% used [0x00000000eb300000,0x00000000eb410000,0x00000000eb480000)
  to   space 1536K, 0% used [0x00000000eb180000,0x00000000eb180000,0x00000000eb300000)
 ParOldGen       total 129536K, used 2306K [0x00000000c0000000, 0x00000000c7e80000, 0x00000000eab00000)
  object space 129536K, 1% used [0x00000000c0000000,0x00000000c0240828,0x00000000c7e80000)
 Metaspace       used 5704K, capacity 6768K, committed 7040K, reserved 1056768K
  class space    used 589K, capacity 616K, committed 640K, reserved 1048576K
Event: 4.435 GC heap after
Heap after GC invocations=11 (full 0):
 PSYoungGen      total 8192K, used 1280K [0x00000000eab00000, 0x00000000eb980000, 0x0000000100000000)
  eden space 6656K, 0% used [0x00000000eab00000,0x00000000eab00000,0x00000000eb180000)
  from space 1536K, 83% used [0x00000000eb180000,0x00000000eb2c0340,0x00000000eb300000)
  to   space 2048K, 0% used [0x00000000eb780000,0x00000000eb780000,0x00000000eb980000)
 ParOldGen       total 129536K, used 3142K [0x00000000c0000000, 0x00000000c7e80000, 0x00000000eab00000)
  object space 129536K, 2% used [0x00000000c0000000,0x00000000c0311838,0x00000000c7e80000)
 Metaspace       used 5704K, capacity 6768K, committed 7040K, reserved 1056768K
  class space    used 589K, capacity 616K, committed 640K, reserved 1048576K
}
Event: 4.624 GC heap before
{Heap before GC invocations=12 (full 0):
 PSYoungGen      total 8192K, used 7936K [0x00000000eab00000, 0x00000000eb980000, 0x0000000100000000)
  eden space 6656K, 100% used [0x00000000eab00000,0x00000000eb180000,0x00000000eb180000)
  from space 1536K, 83% used [0x00000000eb180000,0x00000000eb2c0340,0x00000000eb300000)
  to   space 2048K, 0% used [0x00000000eb780000,0x00000000eb780000,0x00000000eb980000)
 ParOldGen       total 129536K, used 3142K [0x00000000c0000000, 0x00000000c7e80000, 0x00000000eab00000)
  object space 129536K, 2% used [0x00000000c0000000,0x00000000c0311838,0x00000000c7e80000)
 Metaspace       used 5740K, capacity 6768K, committed 7040K, reserved 1056768K
  class space    used 590K, capacity 616K, committed 640K, reserved 1048576K
Event: 4.681 GC heap after
Heap after GC invocations=12 (full 0):
 PSYoungGen      total 12800K, used 1376K [0x00000000eab00000, 0x00000000eb980000, 0x0000000100000000)
  eden space 10752K, 0% used [0x00000000eab00000,0x00000000eab00000,0x00000000eb580000)
  from space 2048K, 67% used [0x00000000eb780000,0x00000000eb8d8010,0x00000000eb980000)
  to   space 2048K, 0% used [0x00000000eb580000,0x00000000eb580000,0x00000000eb780000)
 ParOldGen       total 129536K, used 4180K [0x00000000c0000000, 0x00000000c7e80000, 0x00000000eab00000)
  object space 129536K, 3% used [0x00000000c0000000,0x00000000c0415168,0x00000000c7e80000)
 Metaspace       used 5740K, capacity 6768K, committed 7040K, reserved 1056768K
  class space    used 590K, capacity 616K, committed 640K, reserved 1048576K
}
Event: 4.934 GC heap before
{Heap before GC invocations=13 (full 0):
 PSYoungGen      total 12800K, used 12127K [0x00000000eab00000, 0x00000000eb980000, 0x0000000100000000)
  eden space 10752K, 99% used [0x00000000eab00000,0x00000000eb57ffc8,0x00000000eb580000)
  from space 2048K, 67% used [0x00000000eb780000,0x00000000eb8d8010,0x00000000eb980000)
  to   space 2048K, 0% used [0x00000000eb580000,0x00000000eb580000,0x00000000eb780000)
 ParOldGen       total 129536K, used 4180K [0x00000000c0000000, 0x00000000c7e80000, 0x00000000eab00000)
  object space 129536K, 3% used [0x00000000c0000000,0x00000000c0415168,0x00000000c7e80000)
 Metaspace       used 5808K, capacity 6832K, committed 7040K, reserved 1056768K
  class space    used 590K, capacity 616K, committed 640K, reserved 1048576K
Event: 5.029 GC heap after
Heap after GC invocations=13 (full 0):
 PSYoungGen      total 12800K, used 2038K [0x00000000eab00000, 0x00000000ec100000, 0x0000000100000000)
  eden space 10752K, 0% used [0x00000000eab00000,0x00000000eab00000,0x00000000eb580000)
  from space 2048K, 99% used [0x00000000eb580000,0x00000000eb77d910,0x00000000eb780000)
  to   space 2560K, 0% used [0x00000000ebe80000,0x00000000ebe80000,0x00000000ec100000)
 ParOldGen       total 129536K, used 5451K [0x00000000c0000000, 0x00000000c7e80000, 0x00000000eab00000)
  object space 129536K, 4% used [0x00000000c0000000,0x00000000c0552f90,0x00000000c7e80000)
 Metaspace       used 5808K, capacity 6832K, committed 7040K, reserved 1056768K
  class space    used 590K, capacity 616K, committed 640K, reserved 1048576K
}

Deoptimization events (5 events):
Event: 3.887 Thread 0x0000000016161800 Uncommon trap: reason=unreached action=reinterpret pc=0x00000000022a1250 method=com.android.dx.rop.code.LocalItem.hashCode()I @ 25
Event: 3.887 Thread 0x0000000016161800 Uncommon trap: reason=unreached action=reinterpret pc=0x0000000002290558 method=com.android.dx.rop.code.LocalItem.hashCode()I @ 25
Event: 4.459 Thread 0x0000000001e60800 Uncommon trap: reason=null_check action=make_not_entrant pc=0x0000000002261e30 method=com.android.dx.ssa.SsaRenamer.getLocalForNewReg(I)Lcom/android/dx/rop/code/LocalItem; @ 19
Event: 4.696 Thread 0x0000000001e60800 Uncommon trap: reason=unreached action=reinterpret pc=0x000000000229bc5c method=com.android.dx.rop.cst.Constant.compareTo(Lcom/android/dx/rop/cst/Constant;)I @ 12
Event: 4.699 Thread 0x0000000016145000 Uncommon trap: reason=null_check action=make_not_entrant pc=0x00000000022e8864 method=com.android.dx.rop.type.Type.equals(Ljava/lang/Object;)Z @ 8

Internal exceptions (10 events):
Event: 3.468 Thread 0x00000000161f5800 Exception <a 'java/security/PrivilegedActionException'> (0x00000000eadbc040) thrown at [D:\re\workspace\8-2-build-windows-amd64-cygwin\jdk8\2238\hotspot\src\share\vm\prims\jvm.cpp, line 1248]
Event: 3.546 Thread 0x0000000016145000 Exception <a 'java/security/PrivilegedActionException'> (0x00000000eaef3c70) thrown at [D:\re\workspace\8-2-build-windows-amd64-cygwin\jdk8\2238\hotspot\src\share\vm\prims\jvm.cpp, line 1248]
Event: 3.547 Thread 0x0000000016145000 Exception <a 'java/security/PrivilegedActionException'> (0x00000000eaef96b8) thrown at [D:\re\workspace\8-2-build-windows-amd64-cygwin\jdk8\2238\hotspot\src\share\vm\prims\jvm.cpp, line 1248]
Event: 3.548 Thread 0x0000000016145000 Exception <a 'java/security/PrivilegedActionException'> (0x00000000eaefeef8) thrown at [D:\re\workspace\8-2-build-windows-amd64-cygwin\jdk8\2238\hotspot\src\share\vm\prims\jvm.cpp, line 1248]
Event: 3.895 Thread 0x0000000001e60800 Exception <a 'java/security/PrivilegedActionException'> (0x00000000eac79e08) thrown at [D:\re\workspace\8-2-build-windows-amd64-cygwin\jdk8\2238\hotspot\src\share\vm\prims\jvm.cpp, line 1248]
Event: 3.926 Thread 0x0000000016163000 Exception <a 'java/security/PrivilegedActionException'> (0x00000000ead152b8) thrown at [D:\re\workspace\8-2-build-windows-amd64-cygwin\jdk8\2238\hotspot\src\share\vm\prims\jvm.cpp, line 1248]
Event: 3.954 Thread 0x0000000016161800 Exception <a 'java/security/PrivilegedActionException'> (0x00000000eae96348) thrown at [D:\re\workspace\8-2-build-windows-amd64-cygwin\jdk8\2238\hotspot\src\share\vm\prims\jvm.cpp, line 1248]
Event: 3.988 Thread 0x0000000016145000 Exception <a 'java/security/PrivilegedActionException'> (0x00000000eaefda80) thrown at [D:\re\workspace\8-2-build-windows-amd64-cygwin\jdk8\2238\hotspot\src\share\vm\prims\jvm.cpp, line 1248]
Event: 4.459 Thread 0x0000000001e60800 Implicit null exception at 0x000000000225fdbf to 0x0000000002261e09
Event: 4.699 Thread 0x0000000016145000 Implicit null exception at 0x00000000022e8762 to 0x00000000022e8855

Events (10 events):
Event: 4.696 Thread 0x0000000001e60800 DEOPT UNPACKING pc=0x0000000001fa55af sp=0x0000000001d8e400 mode 2
Event: 4.699 Thread 0x0000000016145000 Uncommon trap: trap_request=0xfffffff4 fr.pc=0x00000000022e8864
Event: 4.699 Thread 0x0000000016145000 DEOPT PACKING pc=0x00000000022e8864 sp=0x0000000016f8e620
Event: 4.699 Thread 0x0000000016145000 DEOPT UNPACKING pc=0x0000000001fa55af sp=0x0000000016f8e5a8 mode 2
Event: 4.701 Thread 0x00000000161f5800 DEOPT PACKING pc=0x000000000229648f sp=0x0000000016d8eae0
Event: 4.701 Thread 0x00000000161f5800 DEOPT UNPACKING pc=0x0000000001fa7604 sp=0x0000000016d8e8c0 mode 0
Event: 4.933 Executing VM operation: ParallelGCFailedAllocation
Event: 5.029 Executing VM operation: ParallelGCFailedAllocation done
Event: 5.031 Thread 0x0000000016163000 DEOPT PACKING pc=0x00000000022eedf7 sp=0x000000001718ea00
Event: 5.031 Thread 0x0000000016163000 DEOPT UNPACKING pc=0x0000000001fa7604 sp=0x000000001718e770 mode 0


Dynamic libraries:
0x00007ff664480000 - 0x00007ff6644b4000 	C:\Program Files\Java\jdk1.8.0\bin\java.exe
0x00007ffc63630000 - 0x00007ffc637dd000 	C:\Windows\SYSTEM32\ntdll.dll
0x00007ffc62f40000 - 0x00007ffc6307e000 	C:\Windows\system32\KERNEL32.DLL
0x00007ffc60910000 - 0x00007ffc60a25000 	C:\Windows\system32\KERNELBASE.dll
0x00007ffc5f300000 - 0x00007ffc5f38e000 	C:\Windows\system32\apphelp.dll
0x00007ffc56e70000 - 0x00007ffc56ec3000 	C:\Windows\AppPatch\AppPatch64\AcGenral.DLL
0x00007ffc62ad0000 - 0x00007ffc62b7a000 	C:\Windows\system32\msvcrt.dll
0x00007ffc608e0000 - 0x00007ffc6090e000 	C:\Windows\system32\SspiCli.dll
0x00007ffc63180000 - 0x00007ffc631d4000 	C:\Windows\system32\SHLWAPI.dll
0x00007ffc62dc0000 - 0x00007ffc62f37000 	C:\Windows\system32\USER32.dll
0x00007ffc62920000 - 0x00007ffc62ab4000 	C:\Windows\system32\ole32.dll
0x00007ffc610b0000 - 0x00007ffc625da000 	C:\Windows\system32\SHELL32.dll
0x00007ffc5fd50000 - 0x00007ffc5fd71000 	C:\Windows\SYSTEM32\USERENV.dll
0x00007ffc630c0000 - 0x00007ffc6316a000 	C:\Windows\system32\ADVAPI32.dll
0x00007ffc50950000 - 0x00007ffc5096e000 	C:\Windows\SYSTEM32\MPR.dll
0x00007ffc631e0000 - 0x00007ffc63320000 	C:\Windows\system32\RPCRT4.dll
0x00007ffc62ba0000 - 0x00007ffc62bf9000 	C:\Windows\SYSTEM32\sechost.dll
0x00007ffc63380000 - 0x00007ffc63591000 	C:\Windows\SYSTEM32\combase.dll
0x00007ffc60d80000 - 0x00007ffc60ecf000 	C:\Windows\system32\GDI32.dll
0x00007ffc60760000 - 0x00007ffc60775000 	C:\Windows\SYSTEM32\profapi.dll
0x00007ffc5ed00000 - 0x00007ffc5edb2000 	C:\Windows\SYSTEM32\SHCORE.dll
0x00007ffc63080000 - 0x00007ffc630b6000 	C:\Windows\system32\IMM32.DLL
0x00007ffc62c60000 - 0x00007ffc62db2000 	C:\Windows\system32\MSCTF.dll
0x00007ffc60710000 - 0x00007ffc60742000 	C:\Windows\system32\nvinitx.dll
0x00007ffc5e760000 - 0x00007ffc5e9db000 	C:\Windows\WinSxS\amd64_microsoft.windows.common-controls_6595b64144ccf1df_6.0.9600.18006_none_623f33d3ecbe86e8\COMCTL32.dll
0x000000006d620000 - 0x000000006d6f2000 	C:\Program Files\Java\jdk1.8.0\jre\bin\msvcr100.dll
0x000000006d8a0000 - 0x000000006e0ca000 	C:\Program Files\Java\jdk1.8.0\jre\bin\server\jvm.dll
0x00007ffc56660000 - 0x00007ffc56669000 	C:\Windows\SYSTEM32\WSOCK32.dll
0x00007ffc5de70000 - 0x00007ffc5de92000 	C:\Windows\SYSTEM32\WINMM.dll
0x00007ffc63610000 - 0x00007ffc63617000 	C:\Windows\system32\PSAPI.DLL
0x00007ffc62c00000 - 0x00007ffc62c5a000 	C:\Windows\system32\WS2_32.dll
0x00007ffc5dd50000 - 0x00007ffc5dd7a000 	C:\Windows\SYSTEM32\WINMMBASE.dll
0x00007ffc63620000 - 0x00007ffc63629000 	C:\Windows\system32\NSI.dll
0x00007ffc60a30000 - 0x00007ffc60a7f000 	C:\Windows\SYSTEM32\cfgmgr32.dll
0x00007ffc5f550000 - 0x00007ffc5f578000 	C:\Windows\SYSTEM32\DEVOBJ.dll
0x000000006ebb0000 - 0x000000006ebbf000 	C:\Program Files\Java\jdk1.8.0\jre\bin\verify.dll
0x000000006eb80000 - 0x000000006eba8000 	C:\Program Files\Java\jdk1.8.0\jre\bin\java.dll
0x000000006eb60000 - 0x000000006eb76000 	C:\Program Files\Java\jdk1.8.0\jre\bin\zip.dll
0x00007ffc52140000 - 0x00007ffc522c9000 	C:\Windows\SYSTEM32\dbghelp.dll

VM Arguments:
jvm_args: -Djava.awt.headless=true -Xmx1024M -Dfile.encoding=windows-1252 -Duser.country=US -Duser.language=en -Duser.variant 
java_command: com.android.dx.command.Main --dex --num-threads=4 --output D:\Computer_Science_with_Android_offline\HangMan-master\app\build\intermediates\pre-dexed\debug\com.android.support-design-23.3.0_a02dd65bff8e79d97ea2a3f61add9a291ef9cdb5.jar D:\Computer_Science_with_Android_offline\HangMan-master\app\build\intermediates\exploded-aar\com.android.support\design\23.3.0\jars\classes.jar
java_class_path (initial): C:\Users\User\AppData\Local\Android\sdk1\build-tools\23.0.3\lib\dx.jar
Launcher Type: SUN_STANDARD

Environment Variables:
JAVA_HOME=C:\Program Files\Java\jdk1.8.0
PATH=C:\Program Files (x86)\NVIDIA Corporation\PhysX\Common;C:\Windows\system32;C:\Windows;C:\Windows\System32\Wbem;C:\Windows\System32\WindowsPowerShell\v1.0\;C:\Program Files\Intel\WiFi\bin\;C:\Program Files\Common Files\Intel\WirelessCommon\;C:\Program Files (x86)\Skype\Phone\;C:\Program Files (x86)\Windows Live\Shared; C:\Program Files\Java\jdk1.8.0\bin;.;;.;;.;
USERNAME=User
OS=Windows_NT
PROCESSOR_IDENTIFIER=Intel64 Family 6 Model 69 Stepping 1, GenuineIntel



---------------  S Y S T E M  ---------------

OS: Windows 8.1 , 64 bit Build 9600 

CPU:total 4 (2 cores per cpu, 2 threads per core) family 6 model 69 stepping 1, cmov, cx8, fxsr, mmx, sse, sse2, sse3, ssse3, sse4.1, sse4.2, popcnt, avx, avx2, aes, clmul, erms, ht, tsc, tscinvbit

Memory: 4k page, physical 8287332k(1243972k free), swap 11433060k(5640k free)

vm_info: Java HotSpot(TM) 64-Bit Server VM (25.0-b70) for windows-amd64 JRE (1.8.0-b132), built on Mar  4 2014 03:46:18 by "java_re" with MS VC++ 10.0 (VS2010)

time: Wed Jun 22 01:29:07 2016
elapsed time: 5 seconds

